{"/Users/yongli/Documents/git/jiajia/src/app.controller.ts": {"path":"/Users/yongli/Documents/git/jiajia/src/app.controller.ts","statementMap":{"0":{"start":{"line":1,"column":0},"end":{"line":1,"column":49}},"1":{"start":{"line":2,"column":0},"end":{"line":2,"column":43}},"2":{"start":{"line":5,"column":7},"end":{"line":12,"column":null}},"3":{"start":{"line":6,"column":31},"end":{"line":6,"column":43}},"4":{"start":{"line":10,"column":4},"end":{"line":10,"column":38}},"5":{"start":{"line":5,"column":13},"end":{"line":5,"column":26}},"6":{"start":{"line":9,"column":2},"end":{"line":11,"column":null}},"7":{"start":{"line":5,"column":13},"end":{"line":12,"column":null}}},"fnMap":{"0":{"name":"(anonymous_2)","decl":{"start":{"line":6,"column":2},"end":{"line":6,"column":31}},"loc":{"start":{"line":6,"column":53},"end":{"line":6,"column":57}}},"1":{"name":"(anonymous_3)","decl":{"start":{"line":9,"column":2},"end":{"line":9,"column":10}},"loc":{"start":{"line":9,"column":10},"end":{"line":11,"column":3}}}},"branchMap":{"0":{"loc":{"start":{"line":6,"column":43},"end":{"line":6,"column":56}},"type":"cond-expr","locations":[{"start":{"line":6,"column":53},"end":{"line":6,"column":56}},{"start":{"line":6,"column":53},"end":{"line":6,"column":56}}]},"1":{"loc":{"start":{"line":6,"column":43},"end":{"line":6,"column":53}},"type":"binary-expr","locations":[{"start":{"line":6,"column":43},"end":{"line":6,"column":56}},{"start":{"line":6,"column":43},"end":{"line":6,"column":53}}]}},"s":{"0":1,"1":1,"2":1,"3":1,"4":1,"5":1,"6":1,"7":1},"f":{"0":1,"1":1},"b":{"0":[1,0],"1":[1,1]}}
,"/Users/yongli/Documents/git/jiajia/src/app.module.ts": {"path":"/Users/yongli/Documents/git/jiajia/src/app.module.ts","statementMap":{"0":{"start":{"line":1,"column":0},"end":{"line":1,"column":40}},"1":{"start":{"line":2,"column":0},"end":{"line":2,"column":46}},"2":{"start":{"line":3,"column":0},"end":{"line":3,"column":40}},"3":{"start":{"line":4,"column":0},"end":{"line":4,"column":41}},"4":{"start":{"line":7,"column":0},"end":{"line":7,"column":54}},"5":{"start":{"line":8,"column":0},"end":{"line":8,"column":56}},"6":{"start":{"line":9,"column":0},"end":{"line":9,"column":68}},"7":{"start":{"line":10,"column":0},"end":{"line":10,"column":62}},"8":{"start":{"line":11,"column":0},"end":{"line":11,"column":53}},"9":{"start":{"line":12,"column":0},"end":{"line":12,"column":65}},"10":{"start":{"line":13,"column":0},"end":{"line":13,"column":56}},"11":{"start":{"line":14,"column":0},"end":{"line":14,"column":62}},"12":{"start":{"line":15,"column":0},"end":{"line":15,"column":82}},"13":{"start":{"line":16,"column":0},"end":{"line":16,"column":62}},"14":{"start":{"line":17,"column":0},"end":{"line":17,"column":57}},"15":{"start":{"line":53,"column":7},"end":{"line":53,"column":null}},"16":{"start":{"line":53,"column":13},"end":{"line":53,"column":22}},"17":{"start":{"line":53,"column":13},"end":{"line":53,"column":null}},"18":{"start":{"line":27,"column":31},"end":{"line":30,"column":8}}},"fnMap":{"0":{"name":"(anonymous_1)","decl":{"start":{"line":27,"column":18},"end":{"line":27,"column":23}},"loc":{"start":{"line":27,"column":31},"end":{"line":30,"column":8}}}},"branchMap":{"0":{"loc":{"start":{"line":28,"column":16},"end":{"line":28,"column":86}},"type":"binary-expr","locations":[{"start":{"line":28,"column":16},"end":{"line":28,"column":38}},{"start":{"line":28,"column":42},"end":{"line":28,"column":86}}]},"1":{"loc":{"start":{"line":29,"column":35},"end":{"line":29,"column":69}},"type":"binary-expr","locations":[{"start":{"line":29,"column":35},"end":{"line":29,"column":61}},{"start":{"line":29,"column":65},"end":{"line":29,"column":69}}]}},"s":{"0":0,"1":0,"2":0,"3":0,"4":0,"5":0,"6":0,"7":0,"8":0,"9":0,"10":0,"11":0,"12":0,"13":0,"14":0,"15":0,"16":0,"17":0,"18":0},"f":{"0":0},"b":{"0":[0,0],"1":[0,0]}}
,"/Users/yongli/Documents/git/jiajia/src/app.service.ts": {"path":"/Users/yongli/Documents/git/jiajia/src/app.service.ts","statementMap":{"0":{"start":{"line":1,"column":0},"end":{"line":1,"column":44}},"1":{"start":{"line":4,"column":7},"end":{"line":8,"column":null}},"2":{"start":{"line":6,"column":4},"end":{"line":6,"column":26}},"3":{"start":{"line":4,"column":13},"end":{"line":4,"column":23}},"4":{"start":{"line":4,"column":13},"end":{"line":8,"column":null}}},"fnMap":{"0":{"name":"(anonymous_1)","decl":{"start":{"line":5,"column":2},"end":{"line":5,"column":10}},"loc":{"start":{"line":5,"column":10},"end":{"line":7,"column":3}}}},"branchMap":{},"s":{"0":1,"1":1,"2":1,"3":1,"4":1},"f":{"0":1},"b":{}}
,"/Users/yongli/Documents/git/jiajia/src/main.ts": {"path":"/Users/yongli/Documents/git/jiajia/src/main.ts","statementMap":{"0":{"start":{"line":1,"column":0},"end":{"line":1,"column":43}},"1":{"start":{"line":2,"column":0},"end":{"line":2,"column":48}},"2":{"start":{"line":3,"column":0},"end":{"line":3,"column":47}},"3":{"start":{"line":4,"column":0},"end":{"line":4,"column":65}},"4":{"start":{"line":5,"column":0},"end":{"line":5,"column":83}},"5":{"start":{"line":6,"column":0},"end":{"line":6,"column":77}},"6":{"start":{"line":7,"column":0},"end":{"line":7,"column":81}},"7":{"start":{"line":8,"column":0},"end":{"line":8,"column":79}},"8":{"start":{"line":9,"column":0},"end":{"line":9,"column":41}},"9":{"start":{"line":12,"column":14},"end":{"line":12,"column":49}},"10":{"start":{"line":13,"column":24},"end":{"line":13,"column":46}},"11":{"start":{"line":15,"column":20},"end":{"line":15,"column":70}},"12":{"start":{"line":16,"column":2},"end":{"line":16,"column":33}},"13":{"start":{"line":18,"column":2},"end":{"line":24,"column":4}},"14":{"start":{"line":26,"column":2},"end":{"line":29,"column":4}},"15":{"start":{"line":31,"column":2},"end":{"line":34,"column":4}},"16":{"start":{"line":37,"column":24},"end":{"line":42,"column":12}},"17":{"start":{"line":43,"column":19},"end":{"line":43,"column":67}},"18":{"start":{"line":44,"column":2},"end":{"line":44,"column":49}},"19":{"start":{"line":46,"column":15},"end":{"line":46,"column":54}},"20":{"start":{"line":47,"column":2},"end":{"line":47,"column":25}},"21":{"start":{"line":48,"column":2},"end":{"line":48,"column":81}},"22":{"start":{"line":49,"column":2},"end":{"line":49,"column":78}},"23":{"start":{"line":51,"column":0},"end":{"line":51,"column":12}}},"fnMap":{"0":{"name":"bootstrap","decl":{"start":{"line":11,"column":15},"end":{"line":11,"column":24}},"loc":{"start":{"line":11,"column":24},"end":{"line":50,"column":1}}}},"branchMap":{},"s":{"0":0,"1":0,"2":0,"3":0,"4":0,"5":0,"6":0,"7":0,"8":0,"9":0,"10":0,"11":0,"12":0,"13":0,"14":0,"15":0,"16":0,"17":0,"18":0,"19":0,"20":0,"21":0,"22":0,"23":0},"f":{"0":0},"b":{}}
,"/Users/yongli/Documents/git/jiajia/src/common/constants/error-codes.ts": {"path":"/Users/yongli/Documents/git/jiajia/src/common/constants/error-codes.ts","statementMap":{"0":{"start":{"line":1,"column":0},"end":{"line":1,"column":null}},"1":{"start":{"line":2,"column":2},"end":{"line":2,"column":null}},"2":{"start":{"line":3,"column":2},"end":{"line":3,"column":null}},"3":{"start":{"line":4,"column":2},"end":{"line":4,"column":null}},"4":{"start":{"line":5,"column":2},"end":{"line":5,"column":null}},"5":{"start":{"line":6,"column":2},"end":{"line":6,"column":null}},"6":{"start":{"line":7,"column":2},"end":{"line":7,"column":null}},"7":{"start":{"line":8,"column":2},"end":{"line":8,"column":null}},"8":{"start":{"line":9,"column":2},"end":{"line":9,"column":null}},"9":{"start":{"line":12,"column":2},"end":{"line":12,"column":null}},"10":{"start":{"line":13,"column":2},"end":{"line":13,"column":null}},"11":{"start":{"line":14,"column":2},"end":{"line":14,"column":null}},"12":{"start":{"line":15,"column":2},"end":{"line":15,"column":null}},"13":{"start":{"line":18,"column":2},"end":{"line":18,"column":null}},"14":{"start":{"line":19,"column":2},"end":{"line":19,"column":null}},"15":{"start":{"line":20,"column":2},"end":{"line":20,"column":null}},"16":{"start":{"line":21,"column":2},"end":{"line":21,"column":null}},"17":{"start":{"line":24,"column":2},"end":{"line":24,"column":null}},"18":{"start":{"line":25,"column":2},"end":{"line":25,"column":null}},"19":{"start":{"line":26,"column":2},"end":{"line":26,"column":null}},"20":{"start":{"line":29,"column":2},"end":{"line":29,"column":null}},"21":{"start":{"line":30,"column":2},"end":{"line":30,"column":null}},"22":{"start":{"line":31,"column":2},"end":{"line":31,"column":null}},"23":{"start":{"line":34,"column":2},"end":{"line":34,"column":null}},"24":{"start":{"line":35,"column":2},"end":{"line":35,"column":null}},"25":{"start":{"line":36,"column":2},"end":{"line":36,"column":null}},"26":{"start":{"line":39,"column":2},"end":{"line":39,"column":null}},"27":{"start":{"line":40,"column":2},"end":{"line":40,"column":null}},"28":{"start":{"line":43,"column":2},"end":{"line":43,"column":null}},"29":{"start":{"line":46,"column":2},"end":{"line":46,"column":null}},"30":{"start":{"line":47,"column":2},"end":{"line":47,"column":null}}},"fnMap":{"0":{"name":"(anonymous_0)","decl":{"start":{"line":1,"column":0},"end":{"line":1,"column":12}},"loc":{"start":{"line":1,"column":21},"end":{"line":48,"column":1}}}},"branchMap":{"0":{"loc":{"start":{"line":1,"column":12},"end":{"line":1,"column":null}},"type":"binary-expr","locations":[{"start":{"line":1,"column":12},"end":{"line":1,"column":21}},{"start":{"line":1,"column":21},"end":{"line":1,"column":null}}]}},"s":{"0":0,"1":0,"2":0,"3":0,"4":0,"5":0,"6":0,"7":0,"8":0,"9":0,"10":0,"11":0,"12":0,"13":0,"14":0,"15":0,"16":0,"17":0,"18":0,"19":0,"20":0,"21":0,"22":0,"23":0,"24":0,"25":0,"26":0,"27":0,"28":0,"29":0,"30":0},"f":{"0":0},"b":{"0":[0,0]}}
,"/Users/yongli/Documents/git/jiajia/src/common/constants/index.ts": {"path":"/Users/yongli/Documents/git/jiajia/src/common/constants/index.ts","statementMap":{"0":{"start":{"line":1,"column":0},"end":{"line":1,"column":30}}},"fnMap":{},"branchMap":{},"s":{"0":0},"f":{},"b":{}}
,"/Users/yongli/Documents/git/jiajia/src/common/constants/roles.ts": {"path":"/Users/yongli/Documents/git/jiajia/src/common/constants/roles.ts","statementMap":{"0":{"start":{"line":1,"column":0},"end":{"line":1,"column":null}},"1":{"start":{"line":2,"column":2},"end":{"line":2,"column":null}},"2":{"start":{"line":3,"column":2},"end":{"line":3,"column":null}},"3":{"start":{"line":4,"column":2},"end":{"line":4,"column":null}},"4":{"start":{"line":5,"column":2},"end":{"line":5,"column":null}},"5":{"start":{"line":6,"column":2},"end":{"line":6,"column":null}},"6":{"start":{"line":9,"column":13},"end":{"line":15,"column":2}},"7":{"start":{"line":17,"column":13},"end":{"line":60,"column":2}}},"fnMap":{"0":{"name":"(anonymous_0)","decl":{"start":{"line":1,"column":0},"end":{"line":1,"column":12}},"loc":{"start":{"line":1,"column":16},"end":{"line":7,"column":1}}}},"branchMap":{"0":{"loc":{"start":{"line":1,"column":12},"end":{"line":1,"column":null}},"type":"binary-expr","locations":[{"start":{"line":1,"column":12},"end":{"line":1,"column":16}},{"start":{"line":1,"column":16},"end":{"line":1,"column":null}}]}},"s":{"0":0,"1":0,"2":0,"3":0,"4":0,"5":0,"6":0,"7":0},"f":{"0":0},"b":{"0":[0,0]}}
,"/Users/yongli/Documents/git/jiajia/src/common/decorators/index.ts": {"path":"/Users/yongli/Documents/git/jiajia/src/common/decorators/index.ts","statementMap":{"0":{"start":{"line":1,"column":0},"end":{"line":1,"column":35}},"1":{"start":{"line":2,"column":0},"end":{"line":2,"column":42}}},"fnMap":{},"branchMap":{},"s":{"0":0,"1":0},"f":{},"b":{}}
,"/Users/yongli/Documents/git/jiajia/src/common/decorators/public.decorator.ts": {"path":"/Users/yongli/Documents/git/jiajia/src/common/decorators/public.decorator.ts","statementMap":{"0":{"start":{"line":1,"column":0},"end":{"line":1,"column":45}},"1":{"start":{"line":3,"column":13},"end":{"line":3,"column":40}},"2":{"start":{"line":4,"column":22},"end":{"line":4,"column":60}},"3":{"start":{"line":4,"column":28},"end":{"line":4,"column":60}},"4":{"start":{"line":4,"column":13},"end":{"line":4,"column":22}}},"fnMap":{"0":{"name":"(anonymous_0)","decl":{"start":{"line":4,"column":22},"end":{"line":4,"column":25}},"loc":{"start":{"line":4,"column":28},"end":{"line":4,"column":60}}}},"branchMap":{},"s":{"0":0,"1":0,"2":0,"3":0,"4":0},"f":{"0":0},"b":{}}
,"/Users/yongli/Documents/git/jiajia/src/common/decorators/require-roles.decorator.ts": {"path":"/Users/yongli/Documents/git/jiajia/src/common/decorators/require-roles.decorator.ts","statementMap":{"0":{"start":{"line":1,"column":0},"end":{"line":1,"column":45}},"1":{"start":{"line":4,"column":13},"end":{"line":4,"column":33}},"2":{"start":{"line":5,"column":28},"end":{"line":5,"column":79}},"3":{"start":{"line":5,"column":50},"end":{"line":5,"column":79}},"4":{"start":{"line":5,"column":13},"end":{"line":5,"column":28}}},"fnMap":{"0":{"name":"(anonymous_0)","decl":{"start":{"line":5,"column":28},"end":{"line":5,"column":29}},"loc":{"start":{"line":5,"column":50},"end":{"line":5,"column":79}}}},"branchMap":{},"s":{"0":0,"1":0,"2":0,"3":0,"4":0},"f":{"0":0},"b":{}}
,"/Users/yongli/Documents/git/jiajia/src/common/decorators/require-roles.ts": {"path":"/Users/yongli/Documents/git/jiajia/src/common/decorators/require-roles.ts","statementMap":{"0":{"start":{"line":1,"column":0},"end":{"line":1,"column":45}},"1":{"start":{"line":4,"column":13},"end":{"line":4,"column":33}},"2":{"start":{"line":5,"column":28},"end":{"line":5,"column":79}},"3":{"start":{"line":5,"column":50},"end":{"line":5,"column":79}},"4":{"start":{"line":5,"column":13},"end":{"line":5,"column":28}}},"fnMap":{"0":{"name":"(anonymous_0)","decl":{"start":{"line":5,"column":28},"end":{"line":5,"column":29}},"loc":{"start":{"line":5,"column":50},"end":{"line":5,"column":79}}}},"branchMap":{},"s":{"0":0,"1":0,"2":0,"3":0,"4":0},"f":{"0":0},"b":{}}
,"/Users/yongli/Documents/git/jiajia/src/common/dto/index.ts": {"path":"/Users/yongli/Documents/git/jiajia/src/common/dto/index.ts","statementMap":{"0":{"start":{"line":1,"column":0},"end":{"line":1,"column":35}},"1":{"start":{"line":2,"column":0},"end":{"line":2,"column":33}}},"fnMap":{},"branchMap":{},"s":{"0":0,"1":0},"f":{},"b":{}}
,"/Users/yongli/Documents/git/jiajia/src/common/dto/pagination.dto.ts": {"path":"/Users/yongli/Documents/git/jiajia/src/common/dto/pagination.dto.ts","statementMap":{"0":{"start":{"line":1,"column":0},"end":{"line":1,"column":62}},"1":{"start":{"line":2,"column":0},"end":{"line":2,"column":41}},"2":{"start":{"line":9,"column":18},"end":{"line":9,"column":19}},"3":{"start":{"line":16,"column":22},"end":{"line":16,"column":24}},"4":{"start":{"line":4,"column":0},"end":{"line":4,"column":13}},"5":{"start":{"line":9,"column":2},"end":{"line":9,"column":null}},"6":{"start":{"line":6,"column":14},"end":{"line":6,"column":20}},"7":{"start":{"line":16,"column":2},"end":{"line":16,"column":null}},"8":{"start":{"line":12,"column":14},"end":{"line":12,"column":20}},"9":{"start":{"line":19,"column":2},"end":{"line":19,"column":null}},"10":{"start":{"line":22,"column":2},"end":{"line":22,"column":null}},"11":{"start":{"line":25,"column":2},"end":{"line":25,"column":null}}},"fnMap":{"0":{"name":"(anonymous_2)","decl":{"start":{"line":6,"column":8},"end":{"line":6,"column":11}},"loc":{"start":{"line":6,"column":14},"end":{"line":6,"column":20}}},"1":{"name":"(anonymous_3)","decl":{"start":{"line":12,"column":8},"end":{"line":12,"column":11}},"loc":{"start":{"line":12,"column":14},"end":{"line":12,"column":20}}}},"branchMap":{},"s":{"0":0,"1":0,"2":0,"3":0,"4":0,"5":0,"6":0,"7":0,"8":0,"9":0,"10":0,"11":0},"f":{"0":0,"1":0},"b":{}}
,"/Users/yongli/Documents/git/jiajia/src/common/filters/http-exception.filter.ts": {"path":"/Users/yongli/Documents/git/jiajia/src/common/filters/http-exception.filter.ts","statementMap":{"0":{"start":{"line":1,"column":0},"end":{"line":1,"column":98}},"1":{"start":{"line":3,"column":0},"end":{"line":3,"column":53}},"2":{"start":{"line":6,"column":7},"end":{"line":35,"column":null}},"3":{"start":{"line":8,"column":16},"end":{"line":8,"column":35}},"4":{"start":{"line":9,"column":21},"end":{"line":9,"column":48}},"5":{"start":{"line":10,"column":19},"end":{"line":10,"column":40}},"6":{"start":{"line":11,"column":30},"end":{"line":11,"column":60}},"7":{"start":{"line":13,"column":26},"end":{"line":18,"column":6}},"8":{"start":{"line":16,"column":105},"end":{"line":16,"column":121}},"9":{"start":{"line":20,"column":4},"end":{"line":20,"column":48}},"10":{"start":{"line":24,"column":4},"end":{"line":33,"column":5}},"11":{"start":{"line":25,"column":16},"end":{"line":25,"column":45}},"12":{"start":{"line":26,"column":16},"end":{"line":26,"column":46}},"13":{"start":{"line":27,"column":16},"end":{"line":27,"column":43}},"14":{"start":{"line":28,"column":16},"end":{"line":28,"column":43}},"15":{"start":{"line":29,"column":16},"end":{"line":29,"column":42}},"16":{"start":{"line":30,"column":16},"end":{"line":30,"column":51}},"17":{"start":{"line":31,"column":16},"end":{"line":31,"column":48}},"18":{"start":{"line":32,"column":15},"end":{"line":32,"column":47}},"19":{"start":{"line":6,"column":13},"end":{"line":6,"column":32}},"20":{"start":{"line":6,"column":13},"end":{"line":35,"column":null}}},"fnMap":{"0":{"name":"(anonymous_1)","decl":{"start":{"line":7,"column":2},"end":{"line":7,"column":7}},"loc":{"start":{"line":7,"column":53},"end":{"line":21,"column":3}}},"1":{"name":"(anonymous_2)","decl":{"start":{"line":16,"column":87},"end":{"line":16,"column":88}},"loc":{"start":{"line":16,"column":105},"end":{"line":16,"column":121}}},"2":{"name":"(anonymous_3)","decl":{"start":{"line":23,"column":10},"end":{"line":23,"column":30}},"loc":{"start":{"line":23,"column":45},"end":{"line":34,"column":3}}}},"branchMap":{"0":{"loc":{"start":{"line":15,"column":15},"end":{"line":15,"column":61}},"type":"binary-expr","locations":[{"start":{"line":15,"column":15},"end":{"line":15,"column":40}},{"start":{"line":15,"column":44},"end":{"line":15,"column":61}}]},"1":{"loc":{"start":{"line":16,"column":14},"end":{"line":16,"column":135}},"type":"cond-expr","locations":[{"start":{"line":16,"column":57},"end":{"line":16,"column":123}},{"start":{"line":16,"column":126},"end":{"line":16,"column":135}}]},"2":{"loc":{"start":{"line":24,"column":4},"end":{"line":33,"column":5}},"type":"switch","locations":[{"start":{"line":25,"column":6},"end":{"line":25,"column":45}},{"start":{"line":26,"column":6},"end":{"line":26,"column":46}},{"start":{"line":27,"column":6},"end":{"line":27,"column":43}},{"start":{"line":28,"column":6},"end":{"line":28,"column":43}},{"start":{"line":29,"column":6},"end":{"line":29,"column":42}},{"start":{"line":30,"column":6},"end":{"line":30,"column":51}},{"start":{"line":31,"column":6},"end":{"line":31,"column":48}},{"start":{"line":32,"column":6},"end":{"line":32,"column":47}}]}},"s":{"0":0,"1":0,"2":0,"3":0,"4":0,"5":0,"6":0,"7":0,"8":0,"9":0,"10":0,"11":0,"12":0,"13":0,"14":0,"15":0,"16":0,"17":0,"18":0,"19":0,"20":0},"f":{"0":0,"1":0,"2":0},"b":{"0":[0,0],"1":[0,0],"2":[0,0,0,0,0,0,0,0]}}
,"/Users/yongli/Documents/git/jiajia/src/common/filters/index.ts": {"path":"/Users/yongli/Documents/git/jiajia/src/common/filters/index.ts","statementMap":{"0":{"start":{"line":1,"column":0},"end":{"line":1,"column":40}},"1":{"start":{"line":2,"column":0},"end":{"line":2,"column":42}}},"fnMap":{},"branchMap":{},"s":{"0":0,"1":0},"f":{},"b":{}}
,"/Users/yongli/Documents/git/jiajia/src/common/filters/prisma-exception.filter.ts": {"path":"/Users/yongli/Documents/git/jiajia/src/common/filters/prisma-exception.filter.ts","statementMap":{"0":{"start":{"line":1,"column":0},"end":{"line":1,"column":71}},"1":{"start":{"line":3,"column":0},"end":{"line":3,"column":40}},"2":{"start":{"line":4,"column":0},"end":{"line":4,"column":53}},"3":{"start":{"line":7,"column":7},"end":{"line":42,"column":null}},"4":{"start":{"line":9,"column":16},"end":{"line":9,"column":35}},"5":{"start":{"line":10,"column":21},"end":{"line":10,"column":48}},"6":{"start":{"line":12,"column":17},"end":{"line":12,"column":20}},"7":{"start":{"line":13,"column":15},"end":{"line":13,"column":39}},"8":{"start":{"line":14,"column":18},"end":{"line":14,"column":34}},"9":{"start":{"line":16,"column":4},"end":{"line":34,"column":5}},"10":{"start":{"line":18,"column":8},"end":{"line":18,"column":21}},"11":{"start":{"line":19,"column":8},"end":{"line":19,"column":34}},"12":{"start":{"line":20,"column":8},"end":{"line":20,"column":81}},"13":{"start":{"line":21,"column":8},"end":{"line":21,"column":14}},"14":{"start":{"line":23,"column":8},"end":{"line":23,"column":21}},"15":{"start":{"line":24,"column":8},"end":{"line":24,"column":35}},"16":{"start":{"line":25,"column":8},"end":{"line":25,"column":37}},"17":{"start":{"line":26,"column":8},"end":{"line":26,"column":14}},"18":{"start":{"line":28,"column":8},"end":{"line":28,"column":21}},"19":{"start":{"line":29,"column":8},"end":{"line":29,"column":37}},"20":{"start":{"line":30,"column":8},"end":{"line":30,"column":90}},"21":{"start":{"line":31,"column":8},"end":{"line":31,"column":14}},"22":{"start":{"line":33,"column":8},"end":{"line":33,"column":36}},"23":{"start":{"line":36,"column":4},"end":{"line":40,"column":7}},"24":{"start":{"line":7,"column":13},"end":{"line":7,"column":34}},"25":{"start":{"line":7,"column":13},"end":{"line":42,"column":null}}},"fnMap":{"0":{"name":"(anonymous_1)","decl":{"start":{"line":8,"column":2},"end":{"line":8,"column":7}},"loc":{"start":{"line":8,"column":76},"end":{"line":41,"column":3}}}},"branchMap":{"0":{"loc":{"start":{"line":16,"column":4},"end":{"line":34,"column":5}},"type":"switch","locations":[{"start":{"line":17,"column":6},"end":{"line":21,"column":14}},{"start":{"line":22,"column":6},"end":{"line":26,"column":14}},{"start":{"line":27,"column":6},"end":{"line":31,"column":14}},{"start":{"line":32,"column":6},"end":{"line":33,"column":36}}]}},"s":{"0":0,"1":0,"2":0,"3":0,"4":0,"5":0,"6":0,"7":0,"8":0,"9":0,"10":0,"11":0,"12":0,"13":0,"14":0,"15":0,"16":0,"17":0,"18":0,"19":0,"20":0,"21":0,"22":0,"23":0,"24":0,"25":0},"f":{"0":0},"b":{"0":[0,0,0,0]}}
,"/Users/yongli/Documents/git/jiajia/src/common/guards/index.ts": {"path":"/Users/yongli/Documents/git/jiajia/src/common/guards/index.ts","statementMap":{"0":{"start":{"line":1,"column":0},"end":{"line":1,"column":33}},"1":{"start":{"line":2,"column":0},"end":{"line":2,"column":30}}},"fnMap":{},"branchMap":{},"s":{"0":0,"1":0},"f":{},"b":{}}
,"/Users/yongli/Documents/git/jiajia/src/common/guards/jwt-auth.guard.ts": {"path":"/Users/yongli/Documents/git/jiajia/src/common/guards/jwt-auth.guard.ts","statementMap":{"0":{"start":{"line":1,"column":0},"end":{"line":1,"column":98}},"1":{"start":{"line":2,"column":0},"end":{"line":2,"column":41}},"2":{"start":{"line":3,"column":0},"end":{"line":3,"column":41}},"3":{"start":{"line":7,"column":7},"end":{"line":43,"column":null}},"4":{"start":{"line":9,"column":12},"end":{"line":9,"column":24}},"5":{"start":{"line":10,"column":12},"end":{"line":10,"column":23}},"6":{"start":{"line":14,"column":21},"end":{"line":17,"column":6}},"7":{"start":{"line":19,"column":4},"end":{"line":21,"column":5}},"8":{"start":{"line":20,"column":6},"end":{"line":20,"column":18}},"9":{"start":{"line":23,"column":20},"end":{"line":23,"column":64}},"10":{"start":{"line":24,"column":18},"end":{"line":24,"column":54}},"11":{"start":{"line":26,"column":4},"end":{"line":28,"column":5}},"12":{"start":{"line":27,"column":6},"end":{"line":27,"column":65}},"13":{"start":{"line":30,"column":4},"end":{"line":36,"column":5}},"14":{"start":{"line":31,"column":22},"end":{"line":31,"column":51}},"15":{"start":{"line":32,"column":6},"end":{"line":32,"column":32}},"16":{"start":{"line":33,"column":6},"end":{"line":33,"column":18}},"17":{"start":{"line":35,"column":6},"end":{"line":35,"column":66}},"18":{"start":{"line":40,"column":26},"end":{"line":40,"column":73}},"19":{"start":{"line":41,"column":4},"end":{"line":41,"column":49}},"20":{"start":{"line":7,"column":13},"end":{"line":7,"column":25}},"21":{"start":{"line":7,"column":13},"end":{"line":43,"column":null}}},"fnMap":{"0":{"name":"(anonymous_2)","decl":{"start":{"line":8,"column":2},"end":{"line":8,"column":null}},"loc":{"start":{"line":10,"column":32},"end":{"line":11,"column":6}}},"1":{"name":"(anonymous_3)","decl":{"start":{"line":13,"column":2},"end":{"line":13,"column":13}},"loc":{"start":{"line":13,"column":39},"end":{"line":37,"column":3}}},"2":{"name":"(anonymous_4)","decl":{"start":{"line":39,"column":10},"end":{"line":39,"column":32}},"loc":{"start":{"line":39,"column":49},"end":{"line":42,"column":3}}}},"branchMap":{"0":{"loc":{"start":{"line":19,"column":4},"end":{"line":21,"column":5}},"type":"if","locations":[{"start":{"line":19,"column":4},"end":{"line":21,"column":5}},{"start":{},"end":{}}]},"1":{"loc":{"start":{"line":26,"column":4},"end":{"line":28,"column":5}},"type":"if","locations":[{"start":{"line":26,"column":4},"end":{"line":28,"column":5}},{"start":{},"end":{}}]},"2":{"loc":{"start":{"line":40,"column":26},"end":{"line":40,"column":73}},"type":"binary-expr","locations":[{"start":{"line":40,"column":26},"end":{"line":40,"column":67}},{"start":{"line":40,"column":71},"end":{"line":40,"column":73}}]},"3":{"loc":{"start":{"line":41,"column":11},"end":{"line":41,"column":48}},"type":"cond-expr","locations":[{"start":{"line":41,"column":31},"end":{"line":41,"column":36}},{"start":{"line":41,"column":39},"end":{"line":41,"column":48}}]},"4":{"loc":{"start":{"line":9,"column":24},"end":{"line":9,"column":null}},"type":"cond-expr","locations":[{"start":{"line":9,"column":34},"end":{"line":9,"column":null}},{"start":{"line":9,"column":34},"end":{"line":9,"column":null}}]},"5":{"loc":{"start":{"line":9,"column":24},"end":{"line":9,"column":34}},"type":"binary-expr","locations":[{"start":{"line":9,"column":24},"end":{"line":9,"column":null}},{"start":{"line":9,"column":24},"end":{"line":9,"column":34}}]},"6":{"loc":{"start":{"line":9,"column":34},"end":{"line":10,"column":null}},"type":"cond-expr","locations":[{"start":{"line":10,"column":32},"end":{"line":10,"column":null}},{"start":{"line":10,"column":32},"end":{"line":10,"column":null}}]},"7":{"loc":{"start":{"line":9,"column":34},"end":{"line":10,"column":32}},"type":"binary-expr","locations":[{"start":{"line":9,"column":34},"end":{"line":10,"column":null}},{"start":{"line":10,"column":23},"end":{"line":10,"column":32}}]}},"s":{"0":0,"1":0,"2":0,"3":0,"4":0,"5":0,"6":0,"7":0,"8":0,"9":0,"10":0,"11":0,"12":0,"13":0,"14":0,"15":0,"16":0,"17":0,"18":0,"19":0,"20":0,"21":0},"f":{"0":0,"1":0,"2":0},"b":{"0":[0,0],"1":[0,0],"2":[0,0],"3":[0,0],"4":[0,0],"5":[0,0],"6":[0,0],"7":[0,0]}}
,"/Users/yongli/Documents/git/jiajia/src/common/guards/roles.guard.ts": {"path":"/Users/yongli/Documents/git/jiajia/src/common/guards/roles.guard.ts","statementMap":{"0":{"start":{"line":1,"column":0},"end":{"line":1,"column":95}},"1":{"start":{"line":2,"column":0},"end":{"line":2,"column":41}},"2":{"start":{"line":6,"column":7},"end":{"line":31,"column":null}},"3":{"start":{"line":7,"column":22},"end":{"line":7,"column":33}},"4":{"start":{"line":10,"column":26},"end":{"line":13,"column":6}},"5":{"start":{"line":15,"column":4},"end":{"line":17,"column":5}},"6":{"start":{"line":16,"column":6},"end":{"line":16,"column":18}},"7":{"start":{"line":19,"column":21},"end":{"line":19,"column":56}},"8":{"start":{"line":20,"column":4},"end":{"line":22,"column":5}},"9":{"start":{"line":21,"column":6},"end":{"line":21,"column":58}},"10":{"start":{"line":24,"column":20},"end":{"line":24,"column":61}},"11":{"start":{"line":25,"column":4},"end":{"line":27,"column":5}},"12":{"start":{"line":26,"column":6},"end":{"line":26,"column":63}},"13":{"start":{"line":29,"column":4},"end":{"line":29,"column":16}},"14":{"start":{"line":6,"column":13},"end":{"line":6,"column":23}},"15":{"start":{"line":6,"column":13},"end":{"line":31,"column":null}}},"fnMap":{"0":{"name":"(anonymous_2)","decl":{"start":{"line":7,"column":2},"end":{"line":7,"column":22}},"loc":{"start":{"line":7,"column":42},"end":{"line":7,"column":46}}},"1":{"name":"(anonymous_3)","decl":{"start":{"line":9,"column":2},"end":{"line":9,"column":13}},"loc":{"start":{"line":9,"column":39},"end":{"line":30,"column":3}}}},"branchMap":{"0":{"loc":{"start":{"line":15,"column":4},"end":{"line":17,"column":5}},"type":"if","locations":[{"start":{"line":15,"column":4},"end":{"line":17,"column":5}},{"start":{},"end":{}}]},"1":{"loc":{"start":{"line":20,"column":4},"end":{"line":22,"column":5}},"type":"if","locations":[{"start":{"line":20,"column":4},"end":{"line":22,"column":5}},{"start":{},"end":{}}]},"2":{"loc":{"start":{"line":20,"column":8},"end":{"line":20,"column":27}},"type":"binary-expr","locations":[{"start":{"line":20,"column":8},"end":{"line":20,"column":13}},{"start":{"line":20,"column":17},"end":{"line":20,"column":27}}]},"3":{"loc":{"start":{"line":25,"column":4},"end":{"line":27,"column":5}},"type":"if","locations":[{"start":{"line":25,"column":4},"end":{"line":27,"column":5}},{"start":{},"end":{}}]},"4":{"loc":{"start":{"line":7,"column":33},"end":{"line":7,"column":45}},"type":"cond-expr","locations":[{"start":{"line":7,"column":42},"end":{"line":7,"column":45}},{"start":{"line":7,"column":42},"end":{"line":7,"column":45}}]},"5":{"loc":{"start":{"line":7,"column":33},"end":{"line":7,"column":42}},"type":"binary-expr","locations":[{"start":{"line":7,"column":33},"end":{"line":7,"column":45}},{"start":{"line":7,"column":33},"end":{"line":7,"column":42}}]}},"s":{"0":0,"1":0,"2":0,"3":0,"4":0,"5":0,"6":0,"7":0,"8":0,"9":0,"10":0,"11":0,"12":0,"13":0,"14":0,"15":0},"f":{"0":0,"1":0},"b":{"0":[0,0],"1":[0,0],"2":[0,0],"3":[0,0],"4":[0,0],"5":[0,0]}}
,"/Users/yongli/Documents/git/jiajia/src/common/interceptors/audit-log.interceptor.ts": {"path":"/Users/yongli/Documents/git/jiajia/src/common/interceptors/audit-log.interceptor.ts","statementMap":{"0":{"start":{"line":1,"column":0},"end":{"line":1,"column":92}},"1":{"start":{"line":3,"column":0},"end":{"line":3,"column":37}},"2":{"start":{"line":5,"column":0},"end":{"line":5,"column":60}},"3":{"start":{"line":8,"column":7},"end":{"line":49,"column":null}},"4":{"start":{"line":9,"column":22},"end":{"line":9,"column":30}},"5":{"start":{"line":12,"column":20},"end":{"line":12,"column":64}},"6":{"start":{"line":13,"column":17},"end":{"line":13,"column":62}},"7":{"start":{"line":14,"column":19},"end":{"line":14,"column":33}},"8":{"start":{"line":15,"column":17},"end":{"line":15,"column":29}},"9":{"start":{"line":16,"column":17},"end":{"line":16,"column":29}},"10":{"start":{"line":18,"column":23},"end":{"line":18,"column":74}},"11":{"start":{"line":20,"column":4},"end":{"line":22,"column":5}},"12":{"start":{"line":21,"column":6},"end":{"line":21,"column":27}},"13":{"start":{"line":24,"column":4},"end":{"line":42,"column":6}},"14":{"start":{"line":26,"column":8},"end":{"line":40,"column":9}},"15":{"start":{"line":27,"column":10},"end":{"line":37,"column":13}},"16":{"start":{"line":39,"column":10},"end":{"line":39,"column":62}},"17":{"start":{"line":46,"column":18},"end":{"line":46,"column":49}},"18":{"start":{"line":47,"column":4},"end":{"line":47,"column":33}},"19":{"start":{"line":8,"column":13},"end":{"line":8,"column":32}},"20":{"start":{"line":8,"column":13},"end":{"line":49,"column":null}}},"fnMap":{"0":{"name":"(anonymous_2)","decl":{"start":{"line":9,"column":2},"end":{"line":9,"column":22}},"loc":{"start":{"line":9,"column":43},"end":{"line":9,"column":47}}},"1":{"name":"(anonymous_3)","decl":{"start":{"line":11,"column":2},"end":{"line":11,"column":11}},"loc":{"start":{"line":11,"column":56},"end":{"line":43,"column":3}}},"2":{"name":"(anonymous_4)","decl":{"start":{"line":25,"column":10},"end":{"line":25,"column":15}},"loc":{"start":{"line":25,"column":29},"end":{"line":41,"column":7}}},"3":{"name":"(anonymous_5)","decl":{"start":{"line":45,"column":10},"end":{"line":45,"column":23}},"loc":{"start":{"line":45,"column":36},"end":{"line":48,"column":3}}}},"branchMap":{"0":{"loc":{"start":{"line":20,"column":4},"end":{"line":22,"column":5}},"type":"if","locations":[{"start":{"line":20,"column":4},"end":{"line":22,"column":5}},{"start":{},"end":{}}]},"1":{"loc":{"start":{"line":29,"column":22},"end":{"line":29,"column":35}},"type":"binary-expr","locations":[{"start":{"line":29,"column":22},"end":{"line":29,"column":30}},{"start":{"line":29,"column":34},"end":{"line":29,"column":35}}]},"2":{"loc":{"start":{"line":32,"column":24},"end":{"line":32,"column":50}},"type":"binary-expr","locations":[{"start":{"line":32,"column":24},"end":{"line":32,"column":42}},{"start":{"line":32,"column":46},"end":{"line":32,"column":50}}]},"3":{"loc":{"start":{"line":34,"column":18},"end":{"line":34,"column":41}},"type":"binary-expr","locations":[{"start":{"line":34,"column":18},"end":{"line":34,"column":28}},{"start":{"line":34,"column":32},"end":{"line":34,"column":41}}]},"4":{"loc":{"start":{"line":35,"column":25},"end":{"line":35,"column":60}},"type":"binary-expr","locations":[{"start":{"line":35,"column":25},"end":{"line":35,"column":54}},{"start":{"line":35,"column":58},"end":{"line":35,"column":60}}]},"5":{"loc":{"start":{"line":47,"column":11},"end":{"line":47,"column":32}},"type":"binary-expr","locations":[{"start":{"line":47,"column":11},"end":{"line":47,"column":19}},{"start":{"line":47,"column":23},"end":{"line":47,"column":32}}]},"6":{"loc":{"start":{"line":9,"column":30},"end":{"line":9,"column":46}},"type":"cond-expr","locations":[{"start":{"line":9,"column":43},"end":{"line":9,"column":46}},{"start":{"line":9,"column":43},"end":{"line":9,"column":46}}]},"7":{"loc":{"start":{"line":9,"column":30},"end":{"line":9,"column":43}},"type":"binary-expr","locations":[{"start":{"line":9,"column":30},"end":{"line":9,"column":46}},{"start":{"line":9,"column":30},"end":{"line":9,"column":43}}]}},"s":{"0":0,"1":0,"2":0,"3":0,"4":0,"5":0,"6":0,"7":0,"8":0,"9":0,"10":0,"11":0,"12":0,"13":0,"14":0,"15":0,"16":0,"17":0,"18":0,"19":0,"20":0},"f":{"0":0,"1":0,"2":0,"3":0},"b":{"0":[0,0],"1":[0,0],"2":[0,0],"3":[0,0],"4":[0,0],"5":[0,0],"6":[0,0],"7":[0,0]}}
,"/Users/yongli/Documents/git/jiajia/src/common/interceptors/index.ts": {"path":"/Users/yongli/Documents/git/jiajia/src/common/interceptors/index.ts","statementMap":{"0":{"start":{"line":1,"column":0},"end":{"line":1,"column":40}},"1":{"start":{"line":2,"column":0},"end":{"line":2,"column":38}},"2":{"start":{"line":3,"column":0},"end":{"line":3,"column":40}}},"fnMap":{},"branchMap":{},"s":{"0":0,"1":0,"2":0},"f":{},"b":{}}
,"/Users/yongli/Documents/git/jiajia/src/common/interceptors/logging.interceptor.ts": {"path":"/Users/yongli/Documents/git/jiajia/src/common/interceptors/logging.interceptor.ts","statementMap":{"0":{"start":{"line":1,"column":0},"end":{"line":1,"column":100}},"1":{"start":{"line":3,"column":0},"end":{"line":3,"column":37}},"2":{"start":{"line":7,"column":7},"end":{"line":26,"column":null}},"3":{"start":{"line":8,"column":28},"end":{"line":8,"column":46}},"4":{"start":{"line":11,"column":20},"end":{"line":11,"column":64}},"5":{"start":{"line":12,"column":19},"end":{"line":12,"column":33}},"6":{"start":{"line":13,"column":16},"end":{"line":13,"column":27}},"7":{"start":{"line":14,"column":16},"end":{"line":14,"column":26}},"8":{"start":{"line":16,"column":4},"end":{"line":24,"column":6}},"9":{"start":{"line":18,"column":25},"end":{"line":18,"column":61}},"10":{"start":{"line":19,"column":27},"end":{"line":19,"column":46}},"11":{"start":{"line":20,"column":22},"end":{"line":20,"column":38}},"12":{"start":{"line":22,"column":8},"end":{"line":22,"column":71}},"13":{"start":{"line":7,"column":13},"end":{"line":7,"column":31}},"14":{"start":{"line":7,"column":13},"end":{"line":26,"column":null}}},"fnMap":{"0":{"name":"(anonymous_1)","decl":{"start":{"line":10,"column":2},"end":{"line":10,"column":11}},"loc":{"start":{"line":10,"column":56},"end":{"line":25,"column":3}}},"1":{"name":"(anonymous_2)","decl":{"start":{"line":17,"column":10},"end":{"line":17,"column":13}},"loc":{"start":{"line":17,"column":15},"end":{"line":23,"column":7}}}},"branchMap":{},"s":{"0":0,"1":0,"2":0,"3":0,"4":0,"5":0,"6":0,"7":0,"8":0,"9":0,"10":0,"11":0,"12":0,"13":0,"14":0},"f":{"0":0,"1":0},"b":{}}
,"/Users/yongli/Documents/git/jiajia/src/common/interceptors/transform.interceptor.ts": {"path":"/Users/yongli/Documents/git/jiajia/src/common/interceptors/transform.interceptor.ts","statementMap":{"0":{"start":{"line":1,"column":0},"end":{"line":1,"column":92}},"1":{"start":{"line":3,"column":0},"end":{"line":3,"column":37}},"2":{"start":{"line":13,"column":7},"end":{"line":24,"column":null}},"3":{"start":{"line":15,"column":4},"end":{"line":22,"column":6}},"4":{"start":{"line":16,"column":21},"end":{"line":21,"column":8}},"5":{"start":{"line":13,"column":13},"end":{"line":13,"column":33}},"6":{"start":{"line":13,"column":13},"end":{"line":24,"column":null}}},"fnMap":{"0":{"name":"(anonymous_1)","decl":{"start":{"line":14,"column":2},"end":{"line":14,"column":11}},"loc":{"start":{"line":14,"column":56},"end":{"line":23,"column":3}}},"1":{"name":"(anonymous_2)","decl":{"start":{"line":16,"column":10},"end":{"line":16,"column":11}},"loc":{"start":{"line":16,"column":21},"end":{"line":21,"column":8}}}},"branchMap":{},"s":{"0":0,"1":0,"2":0,"3":0,"4":0,"5":0,"6":0},"f":{"0":0,"1":0},"b":{}}
,"/Users/yongli/Documents/git/jiajia/src/common/utils/encryption.service.ts": {"path":"/Users/yongli/Documents/git/jiajia/src/common/utils/encryption.service.ts","statementMap":{"0":{"start":{"line":1,"column":0},"end":{"line":1,"column":44}},"1":{"start":{"line":2,"column":0},"end":{"line":2,"column":47}},"2":{"start":{"line":3,"column":0},"end":{"line":3,"column":83}},"3":{"start":{"line":6,"column":7},"end":{"line":37,"column":null}},"4":{"start":{"line":7,"column":31},"end":{"line":7,"column":44}},"5":{"start":{"line":10,"column":22},"end":{"line":10,"column":37}},"6":{"start":{"line":11,"column":26},"end":{"line":11,"column":74}},"7":{"start":{"line":12,"column":4},"end":{"line":14,"column":5}},"8":{"start":{"line":13,"column":6},"end":{"line":13,"column":55}},"9":{"start":{"line":15,"column":4},"end":{"line":15,"column":53}},"10":{"start":{"line":19,"column":15},"end":{"line":19,"column":30}},"11":{"start":{"line":20,"column":19},"end":{"line":20,"column":63}},"12":{"start":{"line":21,"column":20},"end":{"line":21,"column":59}},"13":{"start":{"line":22,"column":4},"end":{"line":22,"column":37}},"14":{"start":{"line":23,"column":20},"end":{"line":23,"column":39}},"15":{"start":{"line":24,"column":4},"end":{"line":24,"column":80}},"16":{"start":{"line":28,"column":43},"end":{"line":28,"column":64}},"17":{"start":{"line":29,"column":15},"end":{"line":29,"column":40}},"18":{"start":{"line":30,"column":20},"end":{"line":30,"column":50}},"19":{"start":{"line":31,"column":21},"end":{"line":31,"column":67}},"20":{"start":{"line":32,"column":4},"end":{"line":32,"column":33}},"21":{"start":{"line":33,"column":20},"end":{"line":33,"column":61}},"22":{"start":{"line":34,"column":4},"end":{"line":34,"column":40}},"23":{"start":{"line":35,"column":4},"end":{"line":35,"column":21}},"24":{"start":{"line":6,"column":13},"end":{"line":6,"column":30}},"25":{"start":{"line":6,"column":13},"end":{"line":37,"column":null}}},"fnMap":{"0":{"name":"(anonymous_2)","decl":{"start":{"line":10,"column":2},"end":{"line":10,"column":22}},"loc":{"start":{"line":10,"column":50},"end":{"line":16,"column":3}}},"1":{"name":"(anonymous_3)","decl":{"start":{"line":18,"column":2},"end":{"line":18,"column":9}},"loc":{"start":{"line":18,"column":27},"end":{"line":25,"column":3}}},"2":{"name":"(anonymous_4)","decl":{"start":{"line":27,"column":2},"end":{"line":27,"column":9}},"loc":{"start":{"line":27,"column":28},"end":{"line":36,"column":3}}}},"branchMap":{"0":{"loc":{"start":{"line":12,"column":4},"end":{"line":14,"column":5}},"type":"if","locations":[{"start":{"line":12,"column":4},"end":{"line":14,"column":5}},{"start":{},"end":{}}]},"1":{"loc":{"start":{"line":10,"column":37},"end":{"line":10,"column":null}},"type":"cond-expr","locations":[{"start":{"line":10,"column":50},"end":{"line":10,"column":null}},{"start":{"line":10,"column":50},"end":{"line":10,"column":null}}]},"2":{"loc":{"start":{"line":10,"column":37},"end":{"line":10,"column":50}},"type":"binary-expr","locations":[{"start":{"line":10,"column":37},"end":{"line":10,"column":null}},{"start":{"line":10,"column":37},"end":{"line":10,"column":50}}]}},"s":{"0":0,"1":0,"2":0,"3":0,"4":0,"5":0,"6":0,"7":0,"8":0,"9":0,"10":0,"11":0,"12":0,"13":0,"14":0,"15":0,"16":0,"17":0,"18":0,"19":0,"20":0,"21":0,"22":0,"23":0,"24":0,"25":0},"f":{"0":0,"1":0,"2":0},"b":{"0":[0,0],"1":[0,0],"2":[0,0]}}
,"/Users/yongli/Documents/git/jiajia/src/common/utils/encryption.util.ts": {"path":"/Users/yongli/Documents/git/jiajia/src/common/utils/encryption.util.ts","statementMap":{"0":{"start":{"line":1,"column":0},"end":{"line":1,"column":83}},"1":{"start":{"line":4,"column":38},"end":{"line":4,"column":51}},"2":{"start":{"line":5,"column":38},"end":{"line":5,"column":40}},"3":{"start":{"line":6,"column":37},"end":{"line":6,"column":39}},"4":{"start":{"line":7,"column":42},"end":{"line":7,"column":44}},"5":{"start":{"line":10,"column":16},"end":{"line":10,"column":61}},"6":{"start":{"line":11,"column":15},"end":{"line":11,"column":41}},"7":{"start":{"line":12,"column":19},"end":{"line":12,"column":58}},"8":{"start":{"line":14,"column":20},"end":{"line":14,"column":59}},"9":{"start":{"line":15,"column":4},"end":{"line":15,"column":37}},"10":{"start":{"line":17,"column":20},"end":{"line":17,"column":39}},"11":{"start":{"line":19,"column":4},"end":{"line":19,"column":80}},"12":{"start":{"line":23,"column":16},"end":{"line":23,"column":61}},"13":{"start":{"line":24,"column":18},"end":{"line":24,"column":39}},"14":{"start":{"line":26,"column":4},"end":{"line":28,"column":5}},"15":{"start":{"line":27,"column":6},"end":{"line":27,"column":50}},"16":{"start":{"line":30,"column":15},"end":{"line":30,"column":43}},"17":{"start":{"line":31,"column":20},"end":{"line":31,"column":48}},"18":{"start":{"line":32,"column":22},"end":{"line":32,"column":30}},"19":{"start":{"line":34,"column":21},"end":{"line":34,"column":62}},"20":{"start":{"line":35,"column":4},"end":{"line":35,"column":33}},"21":{"start":{"line":37,"column":20},"end":{"line":37,"column":61}},"22":{"start":{"line":38,"column":4},"end":{"line":38,"column":40}},"23":{"start":{"line":40,"column":4},"end":{"line":40,"column":21}},"24":{"start":{"line":3,"column":0},"end":{"line":3,"column":13}}},"fnMap":{"0":{"name":"(anonymous_0)","decl":{"start":{"line":9,"column":2},"end":{"line":9,"column":8}},"loc":{"start":{"line":9,"column":53},"end":{"line":20,"column":3}}},"1":{"name":"(anonymous_1)","decl":{"start":{"line":22,"column":2},"end":{"line":22,"column":8}},"loc":{"start":{"line":22,"column":54},"end":{"line":41,"column":3}}}},"branchMap":{"0":{"loc":{"start":{"line":26,"column":4},"end":{"line":28,"column":5}},"type":"if","locations":[{"start":{"line":26,"column":4},"end":{"line":28,"column":5}},{"start":{},"end":{}}]}},"s":{"0":0,"1":0,"2":0,"3":0,"4":0,"5":0,"6":0,"7":0,"8":0,"9":0,"10":0,"11":0,"12":0,"13":0,"14":0,"15":0,"16":0,"17":0,"18":0,"19":0,"20":0,"21":0,"22":0,"23":0,"24":0},"f":{"0":0,"1":0},"b":{"0":[0,0]}}
,"/Users/yongli/Documents/git/jiajia/src/common/utils/index.ts": {"path":"/Users/yongli/Documents/git/jiajia/src/common/utils/index.ts","statementMap":{"0":{"start":{"line":1,"column":0},"end":{"line":1,"column":37}},"1":{"start":{"line":2,"column":0},"end":{"line":2,"column":31}}},"fnMap":{},"branchMap":{},"s":{"0":0,"1":0},"f":{},"b":{}}
,"/Users/yongli/Documents/git/jiajia/src/common/utils/mask.util.ts": {"path":"/Users/yongli/Documents/git/jiajia/src/common/utils/mask.util.ts","statementMap":{"0":{"start":{"line":3,"column":21},"end":{"line":3,"column":34}},"1":{"start":{"line":4,"column":4},"end":{"line":4,"column":43}},"2":{"start":{"line":4,"column":30},"end":{"line":4,"column":43}},"3":{"start":{"line":5,"column":4},"end":{"line":5,"column":87}},"4":{"start":{"line":9,"column":28},"end":{"line":9,"column":44}},"5":{"start":{"line":10,"column":4},"end":{"line":10,"column":30}},"6":{"start":{"line":10,"column":17},"end":{"line":10,"column":30}},"7":{"start":{"line":11,"column":24},"end":{"line":11,"column":54}},"8":{"start":{"line":12,"column":4},"end":{"line":12,"column":38}},"9":{"start":{"line":16,"column":4},"end":{"line":16,"column":77}},"10":{"start":{"line":16,"column":27},"end":{"line":16,"column":77}},"11":{"start":{"line":17,"column":4},"end":{"line":17,"column":78}},"12":{"start":{"line":21,"column":4},"end":{"line":21,"column":81}},"13":{"start":{"line":21,"column":50},"end":{"line":21,"column":81}},"14":{"start":{"line":22,"column":4},"end":{"line":22,"column":140}},"15":{"start":{"line":1,"column":0},"end":{"line":1,"column":13}}},"fnMap":{"0":{"name":"(anonymous_0)","decl":{"start":{"line":2,"column":2},"end":{"line":2,"column":8}},"loc":{"start":{"line":2,"column":41},"end":{"line":6,"column":3}}},"1":{"name":"(anonymous_1)","decl":{"start":{"line":8,"column":2},"end":{"line":8,"column":8}},"loc":{"start":{"line":8,"column":32},"end":{"line":13,"column":3}}},"2":{"name":"(anonymous_2)","decl":{"start":{"line":15,"column":2},"end":{"line":15,"column":8}},"loc":{"start":{"line":15,"column":32},"end":{"line":18,"column":3}}},"3":{"name":"(anonymous_3)","decl":{"start":{"line":20,"column":2},"end":{"line":20,"column":8}},"loc":{"start":{"line":20,"column":67},"end":{"line":23,"column":3}}}},"branchMap":{"0":{"loc":{"start":{"line":4,"column":4},"end":{"line":4,"column":43}},"type":"if","locations":[{"start":{"line":4,"column":4},"end":{"line":4,"column":43}},{"start":{},"end":{}}]},"1":{"loc":{"start":{"line":10,"column":4},"end":{"line":10,"column":30}},"type":"if","locations":[{"start":{"line":10,"column":4},"end":{"line":10,"column":30}},{"start":{},"end":{}}]},"2":{"loc":{"start":{"line":16,"column":4},"end":{"line":16,"column":77}},"type":"if","locations":[{"start":{"line":16,"column":4},"end":{"line":16,"column":77}},{"start":{},"end":{}}]},"3":{"loc":{"start":{"line":20,"column":35},"end":{"line":20,"column":51}},"type":"default-arg","locations":[{"start":{"line":20,"column":50},"end":{"line":20,"column":51}}]},"4":{"loc":{"start":{"line":20,"column":53},"end":{"line":20,"column":67}},"type":"default-arg","locations":[{"start":{"line":20,"column":66},"end":{"line":20,"column":67}}]},"5":{"loc":{"start":{"line":21,"column":4},"end":{"line":21,"column":81}},"type":"if","locations":[{"start":{"line":21,"column":4},"end":{"line":21,"column":81}},{"start":{},"end":{}}]}},"s":{"0":0,"1":0,"2":0,"3":0,"4":0,"5":0,"6":0,"7":0,"8":0,"9":0,"10":0,"11":0,"12":0,"13":0,"14":0,"15":0},"f":{"0":0,"1":0,"2":0,"3":0},"b":{"0":[0,0],"1":[0,0],"2":[0,0],"3":[0],"4":[0],"5":[0,0]}}
,"/Users/yongli/Documents/git/jiajia/src/common/utils/masking.util.ts": {"path":"/Users/yongli/Documents/git/jiajia/src/common/utils/masking.util.ts","statementMap":{"0":{"start":{"line":1,"column":0},"end":{"line":1,"column":44}},"1":{"start":{"line":4,"column":7},"end":{"line":29,"column":null}},"2":{"start":{"line":6,"column":21},"end":{"line":6,"column":37}},"3":{"start":{"line":7,"column":4},"end":{"line":7,"column":43}},"4":{"start":{"line":7,"column":30},"end":{"line":7,"column":43}},"5":{"start":{"line":8,"column":4},"end":{"line":8,"column":61}},"6":{"start":{"line":12,"column":28},"end":{"line":12,"column":44}},"7":{"start":{"line":13,"column":4},"end":{"line":13,"column":40}},"8":{"start":{"line":13,"column":27},"end":{"line":13,"column":40}},"9":{"start":{"line":14,"column":24},"end":{"line":16,"column":13}},"10":{"start":{"line":17,"column":4},"end":{"line":17,"column":38}},"11":{"start":{"line":21,"column":4},"end":{"line":21,"column":39}},"12":{"start":{"line":21,"column":26},"end":{"line":21,"column":39}},"13":{"start":{"line":22,"column":4},"end":{"line":22,"column":56}},"14":{"start":{"line":26,"column":4},"end":{"line":26,"column":55}},"15":{"start":{"line":26,"column":42},"end":{"line":26,"column":55}},"16":{"start":{"line":27,"column":4},"end":{"line":27,"column":77}},"17":{"start":{"line":4,"column":13},"end":{"line":4,"column":27}},"18":{"start":{"line":4,"column":13},"end":{"line":29,"column":null}}},"fnMap":{"0":{"name":"(anonymous_1)","decl":{"start":{"line":5,"column":2},"end":{"line":5,"column":11}},"loc":{"start":{"line":5,"column":34},"end":{"line":9,"column":3}}},"1":{"name":"(anonymous_2)","decl":{"start":{"line":11,"column":2},"end":{"line":11,"column":11}},"loc":{"start":{"line":11,"column":25},"end":{"line":18,"column":3}}},"2":{"name":"(anonymous_3)","decl":{"start":{"line":20,"column":2},"end":{"line":20,"column":11}},"loc":{"start":{"line":20,"column":25},"end":{"line":23,"column":3}}},"3":{"name":"(anonymous_4)","decl":{"start":{"line":25,"column":2},"end":{"line":25,"column":13}},"loc":{"start":{"line":25,"column":53},"end":{"line":28,"column":3}}}},"branchMap":{"0":{"loc":{"start":{"line":7,"column":4},"end":{"line":7,"column":43}},"type":"if","locations":[{"start":{"line":7,"column":4},"end":{"line":7,"column":43}},{"start":{},"end":{}}]},"1":{"loc":{"start":{"line":13,"column":4},"end":{"line":13,"column":40}},"type":"if","locations":[{"start":{"line":13,"column":4},"end":{"line":13,"column":40}},{"start":{},"end":{}}]},"2":{"loc":{"start":{"line":13,"column":8},"end":{"line":13,"column":25}},"type":"binary-expr","locations":[{"start":{"line":13,"column":8},"end":{"line":13,"column":14}},{"start":{"line":13,"column":18},"end":{"line":13,"column":25}}]},"3":{"loc":{"start":{"line":14,"column":24},"end":{"line":16,"column":13}},"type":"cond-expr","locations":[{"start":{"line":15,"column":8},"end":{"line":15,"column":51}},{"start":{"line":16,"column":8},"end":{"line":16,"column":13}}]},"4":{"loc":{"start":{"line":21,"column":4},"end":{"line":21,"column":39}},"type":"if","locations":[{"start":{"line":21,"column":4},"end":{"line":21,"column":39}},{"start":{},"end":{}}]},"5":{"loc":{"start":{"line":25,"column":29},"end":{"line":25,"column":53}},"type":"default-arg","locations":[{"start":{"line":25,"column":52},"end":{"line":25,"column":53}}]},"6":{"loc":{"start":{"line":26,"column":4},"end":{"line":26,"column":55}},"type":"if","locations":[{"start":{"line":26,"column":4},"end":{"line":26,"column":55}},{"start":{},"end":{}}]}},"s":{"0":0,"1":0,"2":0,"3":0,"4":0,"5":0,"6":0,"7":0,"8":0,"9":0,"10":0,"11":0,"12":0,"13":0,"14":0,"15":0,"16":0,"17":0,"18":0},"f":{"0":0,"1":0,"2":0,"3":0},"b":{"0":[0,0],"1":[0,0],"2":[0,0],"3":[0,0],"4":[0,0],"5":[0],"6":[0,0]}}
,"/Users/yongli/Documents/git/jiajia/src/config/config.module.ts": {"path":"/Users/yongli/Documents/git/jiajia/src/config/config.module.ts","statementMap":{"0":{"start":{"line":1,"column":0},"end":{"line":1,"column":40}},"1":{"start":{"line":2,"column":0},"end":{"line":2,"column":46}},"2":{"start":{"line":3,"column":0},"end":{"line":3,"column":44}},"3":{"start":{"line":13,"column":7},"end":{"line":13,"column":null}},"4":{"start":{"line":13,"column":13},"end":{"line":13,"column":28}},"5":{"start":{"line":13,"column":13},"end":{"line":13,"column":null}}},"fnMap":{},"branchMap":{},"s":{"0":0,"1":0,"2":0,"3":0,"4":0,"5":0},"f":{},"b":{}}
,"/Users/yongli/Documents/git/jiajia/src/config/configuration.ts": {"path":"/Users/yongli/Documents/git/jiajia/src/config/configuration.ts","statementMap":{"0":{"start":{"line":1,"column":0},"end":{"line":21,"column":3}},"1":{"start":{"line":1,"column":22},"end":{"line":21,"column":2}}},"fnMap":{"0":{"name":"(anonymous_0)","decl":{"start":{"line":1,"column":15},"end":{"line":1,"column":18}},"loc":{"start":{"line":1,"column":22},"end":{"line":21,"column":2}}}},"branchMap":{"0":{"loc":{"start":{"line":2,"column":17},"end":{"line":2,"column":43}},"type":"binary-expr","locations":[{"start":{"line":2,"column":17},"end":{"line":2,"column":33}},{"start":{"line":2,"column":37},"end":{"line":2,"column":43}}]},"1":{"loc":{"start":{"line":3,"column":13},"end":{"line":3,"column":48}},"type":"binary-expr","locations":[{"start":{"line":3,"column":13},"end":{"line":3,"column":35}},{"start":{"line":3,"column":39},"end":{"line":3,"column":48}}]},"2":{"loc":{"start":{"line":9,"column":15},"end":{"line":9,"column":49}},"type":"binary-expr","locations":[{"start":{"line":9,"column":15},"end":{"line":9,"column":41}},{"start":{"line":9,"column":45},"end":{"line":9,"column":49}}]}},"s":{"0":0,"1":0},"f":{"0":0},"b":{"0":[0,0],"1":[0,0],"2":[0,0]}}
,"/Users/yongli/Documents/git/jiajia/src/modules/auth/auth.controller.ts": {"path":"/Users/yongli/Documents/git/jiajia/src/modules/auth/auth.controller.ts","statementMap":{"0":{"start":{"line":1,"column":0},"end":{"line":1,"column":81}},"1":{"start":{"line":2,"column":0},"end":{"line":2,"column":71}},"2":{"start":{"line":3,"column":0},"end":{"line":3,"column":45}},"3":{"start":{"line":4,"column":0},"end":{"line":4,"column":55}},"4":{"start":{"line":5,"column":0},"end":{"line":5,"column":66}},"5":{"start":{"line":6,"column":0},"end":{"line":6,"column":66}},"6":{"start":{"line":10,"column":7},"end":{"line":34,"column":null}},"7":{"start":{"line":11,"column":22},"end":{"line":11,"column":35}},"8":{"start":{"line":17,"column":4},"end":{"line":17,"column":39}},"9":{"start":{"line":24,"column":4},"end":{"line":24,"column":42}},"10":{"start":{"line":32,"column":4},"end":{"line":32,"column":53}},"11":{"start":{"line":10,"column":13},"end":{"line":10,"column":27}},"12":{"start":{"line":16,"column":8},"end":{"line":18,"column":null}},"13":{"start":{"line":23,"column":8},"end":{"line":25,"column":null}},"14":{"start":{"line":31,"column":8},"end":{"line":33,"column":null}},"15":{"start":{"line":10,"column":13},"end":{"line":34,"column":null}}},"fnMap":{"0":{"name":"(anonymous_4)","decl":{"start":{"line":11,"column":2},"end":{"line":11,"column":22}},"loc":{"start":{"line":11,"column":46},"end":{"line":11,"column":50}}},"1":{"name":"(anonymous_5)","decl":{"start":{"line":16,"column":8},"end":{"line":16,"column":13}},"loc":{"start":{"line":16,"column":35},"end":{"line":18,"column":3}}},"2":{"name":"(anonymous_6)","decl":{"start":{"line":23,"column":8},"end":{"line":23,"column":16}},"loc":{"start":{"line":23,"column":41},"end":{"line":25,"column":3}}},"3":{"name":"(anonymous_7)","decl":{"start":{"line":31,"column":8},"end":{"line":31,"column":18}},"loc":{"start":{"line":31,"column":38},"end":{"line":33,"column":3}}}},"branchMap":{"0":{"loc":{"start":{"line":16,"column":27},"end":{"line":16,"column":null}},"type":"cond-expr","locations":[{"start":{"line":16,"column":35},"end":{"line":16,"column":null}},{"start":{"line":16,"column":35},"end":{"line":16,"column":null}}]},"1":{"loc":{"start":{"line":16,"column":27},"end":{"line":16,"column":35}},"type":"binary-expr","locations":[{"start":{"line":16,"column":27},"end":{"line":16,"column":null}},{"start":{"line":16,"column":27},"end":{"line":16,"column":35}}]},"2":{"loc":{"start":{"line":23,"column":30},"end":{"line":23,"column":null}},"type":"cond-expr","locations":[{"start":{"line":23,"column":41},"end":{"line":23,"column":null}},{"start":{"line":23,"column":41},"end":{"line":23,"column":null}}]},"3":{"loc":{"start":{"line":23,"column":30},"end":{"line":23,"column":41}},"type":"binary-expr","locations":[{"start":{"line":23,"column":30},"end":{"line":23,"column":null}},{"start":{"line":23,"column":30},"end":{"line":23,"column":41}}]},"4":{"loc":{"start":{"line":11,"column":35},"end":{"line":11,"column":49}},"type":"cond-expr","locations":[{"start":{"line":11,"column":46},"end":{"line":11,"column":49}},{"start":{"line":11,"column":46},"end":{"line":11,"column":49}}]},"5":{"loc":{"start":{"line":11,"column":35},"end":{"line":11,"column":46}},"type":"binary-expr","locations":[{"start":{"line":11,"column":35},"end":{"line":11,"column":49}},{"start":{"line":11,"column":35},"end":{"line":11,"column":46}}]}},"s":{"0":0,"1":0,"2":0,"3":0,"4":0,"5":0,"6":0,"7":0,"8":0,"9":0,"10":0,"11":0,"12":0,"13":0,"14":0,"15":0},"f":{"0":0,"1":0,"2":0,"3":0},"b":{"0":[0,0],"1":[0,0],"2":[0,0],"3":[0,0],"4":[0,0],"5":[0,0]}}
,"/Users/yongli/Documents/git/jiajia/src/modules/auth/auth.module.ts": {"path":"/Users/yongli/Documents/git/jiajia/src/modules/auth/auth.module.ts","statementMap":{"0":{"start":{"line":1,"column":0},"end":{"line":1,"column":40}},"1":{"start":{"line":2,"column":0},"end":{"line":2,"column":45}},"2":{"start":{"line":3,"column":0},"end":{"line":3,"column":51}},"3":{"start":{"line":4,"column":0},"end":{"line":4,"column":58}},"4":{"start":{"line":12,"column":7},"end":{"line":12,"column":null}},"5":{"start":{"line":12,"column":13},"end":{"line":12,"column":23}},"6":{"start":{"line":12,"column":13},"end":{"line":12,"column":null}}},"fnMap":{},"branchMap":{},"s":{"0":0,"1":0,"2":0,"3":0,"4":0,"5":0,"6":0},"f":{},"b":{}}
,"/Users/yongli/Documents/git/jiajia/src/modules/auth/auth.service.ts": {"path":"/Users/yongli/Documents/git/jiajia/src/modules/auth/auth.service.ts","statementMap":{"0":{"start":{"line":1,"column":0},"end":{"line":1,"column":86}},"1":{"start":{"line":2,"column":0},"end":{"line":2,"column":41}},"2":{"start":{"line":3,"column":0},"end":{"line":3,"column":60}},"3":{"start":{"line":5,"column":0},"end":{"line":5,"column":35}},"4":{"start":{"line":6,"column":0},"end":{"line":6,"column":52}},"5":{"start":{"line":9,"column":7},"end":{"line":107,"column":null}},"6":{"start":{"line":11,"column":12},"end":{"line":11,"column":20}},"7":{"start":{"line":12,"column":12},"end":{"line":12,"column":24}},"8":{"start":{"line":16,"column":17},"end":{"line":18,"column":6}},"9":{"start":{"line":20,"column":4},"end":{"line":22,"column":5}},"10":{"start":{"line":21,"column":6},"end":{"line":21,"column":61}},"11":{"start":{"line":24,"column":28},"end":{"line":24,"column":77}},"12":{"start":{"line":25,"column":4},"end":{"line":27,"column":5}},"13":{"start":{"line":26,"column":6},"end":{"line":26,"column":61}},"14":{"start":{"line":29,"column":18},"end":{"line":29,"column":76}},"15":{"start":{"line":31,"column":4},"end":{"line":40,"column":6}},"16":{"start":{"line":44,"column":25},"end":{"line":48,"column":6}},"17":{"start":{"line":50,"column":4},"end":{"line":52,"column":5}},"18":{"start":{"line":51,"column":6},"end":{"line":51,"column":57}},"19":{"start":{"line":54,"column":27},"end":{"line":54,"column":62}},"20":{"start":{"line":56,"column":17},"end":{"line":64,"column":6}},"21":{"start":{"line":66,"column":18},"end":{"line":66,"column":76}},"22":{"start":{"line":68,"column":4},"end":{"line":77,"column":6}},"23":{"start":{"line":81,"column":17},"end":{"line":91,"column":6}},"24":{"start":{"line":93,"column":4},"end":{"line":95,"column":5}},"25":{"start":{"line":94,"column":6},"end":{"line":94,"column":56}},"26":{"start":{"line":97,"column":4},"end":{"line":97,"column":16}},"27":{"start":{"line":101,"column":4},"end":{"line":105,"column":7}},"28":{"start":{"line":9,"column":13},"end":{"line":9,"column":24}},"29":{"start":{"line":9,"column":13},"end":{"line":107,"column":null}}},"fnMap":{"0":{"name":"(anonymous_11)","decl":{"start":{"line":10,"column":2},"end":{"line":10,"column":null}},"loc":{"start":{"line":12,"column":34},"end":{"line":13,"column":6}}},"1":{"name":"(anonymous_12)","decl":{"start":{"line":15,"column":2},"end":{"line":15,"column":7}},"loc":{"start":{"line":15,"column":27},"end":{"line":41,"column":3}}},"2":{"name":"(anonymous_13)","decl":{"start":{"line":43,"column":2},"end":{"line":43,"column":7}},"loc":{"start":{"line":43,"column":33},"end":{"line":78,"column":3}}},"3":{"name":"(anonymous_14)","decl":{"start":{"line":80,"column":2},"end":{"line":80,"column":7}},"loc":{"start":{"line":80,"column":33},"end":{"line":98,"column":3}}},"4":{"name":"(anonymous_15)","decl":{"start":{"line":100,"column":10},"end":{"line":100,"column":23}},"loc":{"start":{"line":100,"column":65},"end":{"line":106,"column":3}}}},"branchMap":{"0":{"loc":{"start":{"line":20,"column":4},"end":{"line":22,"column":5}},"type":"if","locations":[{"start":{"line":20,"column":4},"end":{"line":22,"column":5}},{"start":{},"end":{}}]},"1":{"loc":{"start":{"line":25,"column":4},"end":{"line":27,"column":5}},"type":"if","locations":[{"start":{"line":25,"column":4},"end":{"line":27,"column":5}},{"start":{},"end":{}}]},"2":{"loc":{"start":{"line":50,"column":4},"end":{"line":52,"column":5}},"type":"if","locations":[{"start":{"line":50,"column":4},"end":{"line":52,"column":5}},{"start":{},"end":{}}]},"3":{"loc":{"start":{"line":93,"column":4},"end":{"line":95,"column":5}},"type":"if","locations":[{"start":{"line":93,"column":4},"end":{"line":95,"column":5}},{"start":{},"end":{}}]},"4":{"loc":{"start":{"line":11,"column":20},"end":{"line":11,"column":null}},"type":"cond-expr","locations":[{"start":{"line":11,"column":33},"end":{"line":11,"column":null}},{"start":{"line":11,"column":33},"end":{"line":11,"column":null}}]},"5":{"loc":{"start":{"line":11,"column":20},"end":{"line":11,"column":33}},"type":"binary-expr","locations":[{"start":{"line":11,"column":20},"end":{"line":11,"column":null}},{"start":{"line":11,"column":20},"end":{"line":11,"column":33}}]},"6":{"loc":{"start":{"line":11,"column":33},"end":{"line":12,"column":null}},"type":"cond-expr","locations":[{"start":{"line":12,"column":34},"end":{"line":12,"column":null}},{"start":{"line":12,"column":34},"end":{"line":12,"column":null}}]},"7":{"loc":{"start":{"line":11,"column":33},"end":{"line":12,"column":34}},"type":"binary-expr","locations":[{"start":{"line":11,"column":33},"end":{"line":12,"column":null}},{"start":{"line":12,"column":24},"end":{"line":12,"column":34}}]}},"s":{"0":0,"1":0,"2":0,"3":0,"4":0,"5":0,"6":0,"7":0,"8":0,"9":0,"10":0,"11":0,"12":0,"13":0,"14":0,"15":0,"16":0,"17":0,"18":0,"19":0,"20":0,"21":0,"22":0,"23":0,"24":0,"25":0,"26":0,"27":0,"28":0,"29":0},"f":{"0":0,"1":0,"2":0,"3":0,"4":0},"b":{"0":[0,0],"1":[0,0],"2":[0,0],"3":[0,0],"4":[0,0],"5":[0,0],"6":[0,0],"7":[0,0]}}
,"/Users/yongli/Documents/git/jiajia/src/modules/auth/dto/auth.dto.ts": {"path":"/Users/yongli/Documents/git/jiajia/src/modules/auth/dto/auth.dto.ts","statementMap":{"0":{"start":{"line":1,"column":0},"end":{"line":1,"column":74}},"1":{"start":{"line":3,"column":0},"end":{"line":3,"column":13}},"2":{"start":{"line":5,"column":2},"end":{"line":5,"column":null}},"3":{"start":{"line":9,"column":2},"end":{"line":9,"column":null}},"4":{"start":{"line":12,"column":0},"end":{"line":12,"column":13}},"5":{"start":{"line":16,"column":2},"end":{"line":16,"column":null}},"6":{"start":{"line":19,"column":2},"end":{"line":19,"column":null}},"7":{"start":{"line":23,"column":2},"end":{"line":23,"column":null}},"8":{"start":{"line":26,"column":2},"end":{"line":26,"column":null}}},"fnMap":{},"branchMap":{},"s":{"0":0,"1":0,"2":0,"3":0,"4":0,"5":0,"6":0,"7":0,"8":0},"f":{},"b":{}}
,"/Users/yongli/Documents/git/jiajia/src/modules/book/book.controller.ts": {"path":"/Users/yongli/Documents/git/jiajia/src/modules/book/book.controller.ts","statementMap":{"0":{"start":{"line":1,"column":0},"end":{"line":1,"column":102}},"1":{"start":{"line":2,"column":0},"end":{"line":2,"column":56}},"2":{"start":{"line":3,"column":0},"end":{"line":3,"column":67}},"3":{"start":{"line":4,"column":0},"end":{"line":4,"column":71}},"4":{"start":{"line":5,"column":0},"end":{"line":5,"column":65}},"5":{"start":{"line":6,"column":0},"end":{"line":6,"column":null}},"6":{"start":{"line":16,"column":7},"end":{"line":82,"column":null}},"7":{"start":{"line":18,"column":12},"end":{"line":18,"column":25}},"8":{"start":{"line":19,"column":12},"end":{"line":19,"column":27}},"9":{"start":{"line":20,"column":12},"end":{"line":20,"column":24}},"10":{"start":{"line":26,"column":4},"end":{"line":26,"column":40}},"11":{"start":{"line":32,"column":4},"end":{"line":32,"column":43}},"12":{"start":{"line":38,"column":4},"end":{"line":38,"column":40}},"13":{"start":{"line":44,"column":4},"end":{"line":44,"column":44}},"14":{"start":{"line":50,"column":4},"end":{"line":50,"column":39}},"15":{"start":{"line":59,"column":4},"end":{"line":59,"column":57}},"16":{"start":{"line":65,"column":4},"end":{"line":65,"column":49}},"17":{"start":{"line":74,"column":4},"end":{"line":74,"column":56}},"18":{"start":{"line":80,"column":4},"end":{"line":80,"column":50}},"19":{"start":{"line":16,"column":13},"end":{"line":16,"column":27}},"20":{"start":{"line":25,"column":2},"end":{"line":27,"column":null}},"21":{"start":{"line":31,"column":2},"end":{"line":33,"column":null}},"22":{"start":{"line":37,"column":2},"end":{"line":39,"column":null}},"23":{"start":{"line":43,"column":2},"end":{"line":45,"column":null}},"24":{"start":{"line":49,"column":2},"end":{"line":51,"column":null}},"25":{"start":{"line":55,"column":2},"end":{"line":60,"column":null}},"26":{"start":{"line":64,"column":2},"end":{"line":66,"column":null}},"27":{"start":{"line":70,"column":2},"end":{"line":75,"column":null}},"28":{"start":{"line":79,"column":2},"end":{"line":81,"column":null}},"29":{"start":{"line":16,"column":13},"end":{"line":82,"column":null}}},"fnMap":{"0":{"name":"(anonymous_4)","decl":{"start":{"line":17,"column":2},"end":{"line":17,"column":null}},"loc":{"start":{"line":20,"column":38},"end":{"line":21,"column":6}}},"1":{"name":"(anonymous_5)","decl":{"start":{"line":25,"column":2},"end":{"line":25,"column":8}},"loc":{"start":{"line":25,"column":39},"end":{"line":27,"column":3}}},"2":{"name":"(anonymous_6)","decl":{"start":{"line":31,"column":2},"end":{"line":31,"column":9}},"loc":{"start":{"line":31,"column":38},"end":{"line":33,"column":3}}},"3":{"name":"(anonymous_7)","decl":{"start":{"line":37,"column":2},"end":{"line":37,"column":9}},"loc":{"start":{"line":37,"column":47},"end":{"line":39,"column":3}}},"4":{"name":"(anonymous_8)","decl":{"start":{"line":43,"column":2},"end":{"line":43,"column":8}},"loc":{"start":{"line":43,"column":78},"end":{"line":45,"column":3}}},"5":{"name":"(anonymous_9)","decl":{"start":{"line":49,"column":2},"end":{"line":49,"column":8}},"loc":{"start":{"line":49,"column":46},"end":{"line":51,"column":3}}},"6":{"name":"(anonymous_10)","decl":{"start":{"line":55,"column":2},"end":{"line":55,"column":18}},"loc":{"start":{"line":57,"column":36},"end":{"line":60,"column":3}}},"7":{"name":"(anonymous_11)","decl":{"start":{"line":64,"column":2},"end":{"line":64,"column":17}},"loc":{"start":{"line":64,"column":59},"end":{"line":66,"column":3}}},"8":{"name":"(anonymous_12)","decl":{"start":{"line":70,"column":2},"end":{"line":70,"column":15}},"loc":{"start":{"line":72,"column":33},"end":{"line":75,"column":3}}},"9":{"name":"(anonymous_13)","decl":{"start":{"line":79,"column":2},"end":{"line":79,"column":14}},"loc":{"start":{"line":79,"column":64},"end":{"line":81,"column":3}}}},"branchMap":{"0":{"loc":{"start":{"line":25,"column":22},"end":{"line":25,"column":null}},"type":"cond-expr","locations":[{"start":{"line":25,"column":39},"end":{"line":25,"column":null}},{"start":{"line":25,"column":39},"end":{"line":25,"column":null}}]},"1":{"loc":{"start":{"line":25,"column":22},"end":{"line":25,"column":39}},"type":"binary-expr","locations":[{"start":{"line":25,"column":22},"end":{"line":25,"column":null}},{"start":{"line":25,"column":22},"end":{"line":25,"column":39}}]},"2":{"loc":{"start":{"line":31,"column":26},"end":{"line":31,"column":null}},"type":"cond-expr","locations":[{"start":{"line":31,"column":38},"end":{"line":31,"column":null}},{"start":{"line":31,"column":38},"end":{"line":31,"column":null}}]},"3":{"loc":{"start":{"line":31,"column":26},"end":{"line":31,"column":38}},"type":"binary-expr","locations":[{"start":{"line":31,"column":26},"end":{"line":31,"column":null}},{"start":{"line":31,"column":26},"end":{"line":31,"column":38}}]},"4":{"loc":{"start":{"line":43,"column":61},"end":{"line":43,"column":null}},"type":"cond-expr","locations":[{"start":{"line":43,"column":78},"end":{"line":43,"column":null}},{"start":{"line":43,"column":78},"end":{"line":43,"column":null}}]},"5":{"loc":{"start":{"line":43,"column":61},"end":{"line":43,"column":78}},"type":"binary-expr","locations":[{"start":{"line":43,"column":61},"end":{"line":43,"column":null}},{"start":{"line":43,"column":61},"end":{"line":43,"column":78}}]},"6":{"loc":{"start":{"line":57,"column":17},"end":{"line":57,"column":null}},"type":"cond-expr","locations":[{"start":{"line":57,"column":36},"end":{"line":57,"column":null}},{"start":{"line":57,"column":36},"end":{"line":57,"column":null}}]},"7":{"loc":{"start":{"line":57,"column":17},"end":{"line":57,"column":36}},"type":"binary-expr","locations":[{"start":{"line":57,"column":17},"end":{"line":57,"column":null}},{"start":{"line":57,"column":17},"end":{"line":57,"column":36}}]},"8":{"loc":{"start":{"line":72,"column":17},"end":{"line":72,"column":null}},"type":"cond-expr","locations":[{"start":{"line":72,"column":33},"end":{"line":72,"column":null}},{"start":{"line":72,"column":33},"end":{"line":72,"column":null}}]},"9":{"loc":{"start":{"line":72,"column":17},"end":{"line":72,"column":33}},"type":"binary-expr","locations":[{"start":{"line":72,"column":17},"end":{"line":72,"column":null}},{"start":{"line":72,"column":17},"end":{"line":72,"column":33}}]},"10":{"loc":{"start":{"line":18,"column":25},"end":{"line":18,"column":null}},"type":"cond-expr","locations":[{"start":{"line":18,"column":40},"end":{"line":18,"column":null}},{"start":{"line":18,"column":40},"end":{"line":18,"column":null}}]},"11":{"loc":{"start":{"line":18,"column":25},"end":{"line":18,"column":40}},"type":"binary-expr","locations":[{"start":{"line":18,"column":25},"end":{"line":18,"column":null}},{"start":{"line":18,"column":25},"end":{"line":18,"column":40}}]},"12":{"loc":{"start":{"line":18,"column":40},"end":{"line":19,"column":null}},"type":"cond-expr","locations":[{"start":{"line":19,"column":44},"end":{"line":19,"column":null}},{"start":{"line":19,"column":44},"end":{"line":19,"column":null}}]},"13":{"loc":{"start":{"line":18,"column":40},"end":{"line":19,"column":44}},"type":"binary-expr","locations":[{"start":{"line":18,"column":40},"end":{"line":19,"column":null}},{"start":{"line":19,"column":27},"end":{"line":19,"column":44}}]},"14":{"loc":{"start":{"line":19,"column":44},"end":{"line":20,"column":null}},"type":"cond-expr","locations":[{"start":{"line":20,"column":38},"end":{"line":20,"column":null}},{"start":{"line":20,"column":38},"end":{"line":20,"column":null}}]},"15":{"loc":{"start":{"line":19,"column":44},"end":{"line":20,"column":38}},"type":"binary-expr","locations":[{"start":{"line":19,"column":44},"end":{"line":20,"column":null}},{"start":{"line":20,"column":24},"end":{"line":20,"column":38}}]}},"s":{"0":0,"1":0,"2":0,"3":0,"4":0,"5":0,"6":0,"7":0,"8":0,"9":0,"10":0,"11":0,"12":0,"13":0,"14":0,"15":0,"16":0,"17":0,"18":0,"19":0,"20":0,"21":0,"22":0,"23":0,"24":0,"25":0,"26":0,"27":0,"28":0,"29":0},"f":{"0":0,"1":0,"2":0,"3":0,"4":0,"5":0,"6":0,"7":0,"8":0,"9":0},"b":{"0":[0,0],"1":[0,0],"2":[0,0],"3":[0,0],"4":[0,0],"5":[0,0],"6":[0,0],"7":[0,0],"8":[0,0],"9":[0,0],"10":[0,0],"11":[0,0],"12":[0,0],"13":[0,0],"14":[0,0],"15":[0,0]}}
,"/Users/yongli/Documents/git/jiajia/src/modules/book/book.module.ts": {"path":"/Users/yongli/Documents/git/jiajia/src/modules/book/book.module.ts","statementMap":{"0":{"start":{"line":1,"column":0},"end":{"line":1,"column":40}},"1":{"start":{"line":2,"column":0},"end":{"line":2,"column":51}},"2":{"start":{"line":3,"column":0},"end":{"line":3,"column":67}},"3":{"start":{"line":4,"column":0},"end":{"line":4,"column":71}},"4":{"start":{"line":5,"column":0},"end":{"line":5,"column":65}},"5":{"start":{"line":6,"column":0},"end":{"line":6,"column":58}},"6":{"start":{"line":18,"column":7},"end":{"line":18,"column":null}},"7":{"start":{"line":18,"column":13},"end":{"line":18,"column":23}},"8":{"start":{"line":18,"column":13},"end":{"line":18,"column":null}}},"fnMap":{},"branchMap":{},"s":{"0":0,"1":0,"2":0,"3":0,"4":0,"5":0,"6":0,"7":0,"8":0},"f":{},"b":{}}
,"/Users/yongli/Documents/git/jiajia/src/modules/book/dto/book.dto.ts": {"path":"/Users/yongli/Documents/git/jiajia/src/modules/book/dto/book.dto.ts","statementMap":{"0":{"start":{"line":1,"column":0},"end":{"line":1,"column":76}},"1":{"start":{"line":2,"column":0},"end":{"line":2,"column":41}},"2":{"start":{"line":3,"column":0},"end":{"line":3,"column":67}},"3":{"start":{"line":5,"column":0},"end":{"line":5,"column":13}},"4":{"start":{"line":7,"column":2},"end":{"line":7,"column":null}},"5":{"start":{"line":11,"column":2},"end":{"line":11,"column":null}},"6":{"start":{"line":15,"column":2},"end":{"line":15,"column":null}},"7":{"start":{"line":19,"column":2},"end":{"line":19,"column":null}},"8":{"start":{"line":23,"column":2},"end":{"line":23,"column":null}},"9":{"start":{"line":26,"column":0},"end":{"line":26,"column":13}},"10":{"start":{"line":29,"column":2},"end":{"line":29,"column":null}},"11":{"start":{"line":33,"column":2},"end":{"line":33,"column":null}},"12":{"start":{"line":37,"column":2},"end":{"line":37,"column":null}},"13":{"start":{"line":41,"column":2},"end":{"line":41,"column":null}},"14":{"start":{"line":45,"column":2},"end":{"line":45,"column":null}},"15":{"start":{"line":48,"column":0},"end":{"line":48,"column":13}},"16":{"start":{"line":51,"column":2},"end":{"line":51,"column":null}},"17":{"start":{"line":55,"column":2},"end":{"line":55,"column":null}},"18":{"start":{"line":58,"column":0},"end":{"line":58,"column":13}},"19":{"start":{"line":62,"column":2},"end":{"line":62,"column":null}},"20":{"start":{"line":61,"column":14},"end":{"line":61,"column":20}},"21":{"start":{"line":66,"column":2},"end":{"line":66,"column":null}},"22":{"start":{"line":70,"column":2},"end":{"line":70,"column":null}},"23":{"start":{"line":74,"column":2},"end":{"line":74,"column":null}},"24":{"start":{"line":78,"column":2},"end":{"line":78,"column":null}},"25":{"start":{"line":81,"column":0},"end":{"line":81,"column":13}},"26":{"start":{"line":85,"column":2},"end":{"line":85,"column":null}},"27":{"start":{"line":84,"column":14},"end":{"line":84,"column":20}},"28":{"start":{"line":89,"column":2},"end":{"line":89,"column":null}},"29":{"start":{"line":93,"column":2},"end":{"line":93,"column":null}},"30":{"start":{"line":92,"column":14},"end":{"line":92,"column":20}}},"fnMap":{"0":{"name":"(anonymous_2)","decl":{"start":{"line":61,"column":8},"end":{"line":61,"column":11}},"loc":{"start":{"line":61,"column":14},"end":{"line":61,"column":20}}},"1":{"name":"(anonymous_3)","decl":{"start":{"line":84,"column":8},"end":{"line":84,"column":11}},"loc":{"start":{"line":84,"column":14},"end":{"line":84,"column":20}}},"2":{"name":"(anonymous_4)","decl":{"start":{"line":92,"column":8},"end":{"line":92,"column":11}},"loc":{"start":{"line":92,"column":14},"end":{"line":92,"column":20}}}},"branchMap":{},"s":{"0":0,"1":0,"2":0,"3":0,"4":0,"5":0,"6":0,"7":0,"8":0,"9":0,"10":0,"11":0,"12":0,"13":0,"14":0,"15":0,"16":0,"17":0,"18":0,"19":0,"20":0,"21":0,"22":0,"23":0,"24":0,"25":0,"26":0,"27":0,"28":0,"29":0,"30":0},"f":{"0":0,"1":0,"2":0},"b":{}}
,"/Users/yongli/Documents/git/jiajia/src/modules/book/sub-services/book-base.service.ts": {"path":"/Users/yongli/Documents/git/jiajia/src/modules/book/sub-services/book-base.service.ts","statementMap":{"0":{"start":{"line":1,"column":0},"end":{"line":1,"column":63}},"1":{"start":{"line":2,"column":0},"end":{"line":2,"column":63}},"2":{"start":{"line":6,"column":7},"end":{"line":88,"column":null}},"3":{"start":{"line":7,"column":22},"end":{"line":7,"column":30}},"4":{"start":{"line":10,"column":4},"end":{"line":15,"column":7}},"5":{"start":{"line":19,"column":54},"end":{"line":19,"column":59}},"6":{"start":{"line":20,"column":17},"end":{"line":20,"column":38}},"7":{"start":{"line":22,"column":23},"end":{"line":22,"column":25}},"8":{"start":{"line":23,"column":4},"end":{"line":25,"column":5}},"9":{"start":{"line":24,"column":6},"end":{"line":24,"column":38}},"10":{"start":{"line":26,"column":4},"end":{"line":28,"column":5}},"11":{"start":{"line":27,"column":6},"end":{"line":27,"column":28}},"12":{"start":{"line":30,"column":27},"end":{"line":41,"column":6}},"13":{"start":{"line":43,"column":4},"end":{"line":51,"column":6}},"14":{"start":{"line":55,"column":17},"end":{"line":64,"column":6}},"15":{"start":{"line":66,"column":4},"end":{"line":68,"column":5}},"16":{"start":{"line":67,"column":6},"end":{"line":67,"column":66}},"17":{"start":{"line":70,"column":4},"end":{"line":70,"column":16}},"18":{"start":{"line":74,"column":4},"end":{"line":74,"column":27}},"19":{"start":{"line":75,"column":4},"end":{"line":81,"column":7}},"20":{"start":{"line":85,"column":4},"end":{"line":85,"column":27}},"21":{"start":{"line":86,"column":4},"end":{"line":86,"column":58}},"22":{"start":{"line":6,"column":13},"end":{"line":6,"column":28}},"23":{"start":{"line":6,"column":13},"end":{"line":88,"column":null}}},"fnMap":{"0":{"name":"(anonymous_2)","decl":{"start":{"line":7,"column":2},"end":{"line":7,"column":22}},"loc":{"start":{"line":7,"column":43},"end":{"line":7,"column":47}}},"1":{"name":"(anonymous_3)","decl":{"start":{"line":9,"column":2},"end":{"line":9,"column":7}},"loc":{"start":{"line":9,"column":37},"end":{"line":16,"column":3}}},"2":{"name":"(anonymous_4)","decl":{"start":{"line":18,"column":2},"end":{"line":18,"column":7}},"loc":{"start":{"line":18,"column":35},"end":{"line":52,"column":3}}},"3":{"name":"(anonymous_5)","decl":{"start":{"line":54,"column":2},"end":{"line":54,"column":7}},"loc":{"start":{"line":54,"column":26},"end":{"line":71,"column":3}}},"4":{"name":"(anonymous_6)","decl":{"start":{"line":73,"column":2},"end":{"line":73,"column":7}},"loc":{"start":{"line":73,"column":49},"end":{"line":82,"column":3}}},"5":{"name":"(anonymous_7)","decl":{"start":{"line":84,"column":2},"end":{"line":84,"column":7}},"loc":{"start":{"line":84,"column":25},"end":{"line":87,"column":3}}}},"branchMap":{"0":{"loc":{"start":{"line":13,"column":21},"end":{"line":13,"column":76}},"type":"cond-expr","locations":[{"start":{"line":13,"column":39},"end":{"line":13,"column":64}},{"start":{"line":13,"column":67},"end":{"line":13,"column":76}}]},"1":{"loc":{"start":{"line":19,"column":12},"end":{"line":19,"column":20}},"type":"default-arg","locations":[{"start":{"line":19,"column":19},"end":{"line":19,"column":20}}]},"2":{"loc":{"start":{"line":19,"column":22},"end":{"line":19,"column":35}},"type":"default-arg","locations":[{"start":{"line":19,"column":33},"end":{"line":19,"column":35}}]},"3":{"loc":{"start":{"line":23,"column":4},"end":{"line":25,"column":5}},"type":"if","locations":[{"start":{"line":23,"column":4},"end":{"line":25,"column":5}},{"start":{},"end":{}}]},"4":{"loc":{"start":{"line":26,"column":4},"end":{"line":28,"column":5}},"type":"if","locations":[{"start":{"line":26,"column":4},"end":{"line":28,"column":5}},{"start":{},"end":{}}]},"5":{"loc":{"start":{"line":66,"column":4},"end":{"line":68,"column":5}},"type":"if","locations":[{"start":{"line":66,"column":4},"end":{"line":68,"column":5}},{"start":{},"end":{}}]},"6":{"loc":{"start":{"line":79,"column":21},"end":{"line":79,"column":76}},"type":"cond-expr","locations":[{"start":{"line":79,"column":39},"end":{"line":79,"column":64}},{"start":{"line":79,"column":67},"end":{"line":79,"column":76}}]},"7":{"loc":{"start":{"line":7,"column":30},"end":{"line":7,"column":46}},"type":"cond-expr","locations":[{"start":{"line":7,"column":43},"end":{"line":7,"column":46}},{"start":{"line":7,"column":43},"end":{"line":7,"column":46}}]},"8":{"loc":{"start":{"line":7,"column":30},"end":{"line":7,"column":43}},"type":"binary-expr","locations":[{"start":{"line":7,"column":30},"end":{"line":7,"column":46}},{"start":{"line":7,"column":30},"end":{"line":7,"column":43}}]}},"s":{"0":0,"1":0,"2":0,"3":0,"4":0,"5":0,"6":0,"7":0,"8":0,"9":0,"10":0,"11":0,"12":0,"13":0,"14":0,"15":0,"16":0,"17":0,"18":0,"19":0,"20":0,"21":0,"22":0,"23":0},"f":{"0":0,"1":0,"2":0,"3":0,"4":0,"5":0},"b":{"0":[0,0],"1":[0],"2":[0],"3":[0,0],"4":[0,0],"5":[0,0],"6":[0,0],"7":[0,0],"8":[0,0]}}
[...]
,"/Users/yongli/Documents/git/jiajia/src/modules/search/search.module.ts": {"path":"/Users/yongli/Documents/git/jiajia/src/modules/search/search.module.ts","statementMap":{"0":{"start":{"line":1,"column":0},"end":{"line":1,"column":40}},"1":{"start":{"line":2,"column":0},"end":{"line":2,"column":55}},"2":{"start":{"line":3,"column":0},"end":{"line":3,"column":49}},"3":{"start":{"line":4,"column":0},"end":{"line":4,"column":58}},"4":{"start":{"line":12,"column":7},"end":{"line":12,"column":null}},"5":{"start":{"line":12,"column":13},"end":{"line":12,"column":25}},"6":{"start":{"line":12,"column":13},"end":{"line":12,"column":null}}},"fnMap":{},"branchMap":{},"s":{"0":0,"1":0,"2":0,"3":0,"4":0,"5":0,"6":0},"f":{},"b":{}}
,"/Users/yongli/Documents/git/jiajia/src/modules/search/search.service.ts": {"path":"/Users/yongli/Documents/git/jiajia/src/modules/search/search.service.ts","statementMap":{"0":{"start":{"line":1,"column":0},"end":{"line":1,"column":44}},"1":{"start":{"line":2,"column":0},"end":{"line":2,"column":60}},"2":{"start":{"line":6,"column":7},"end":{"line":319,"column":null}},"3":{"start":{"line":7,"column":22},"end":{"line":7,"column":30}},"4":{"start":{"line":10,"column":108},"end":{"line":10,"column":111}},"5":{"start":{"line":11,"column":17},"end":{"line":11,"column":38}},"6":{"start":{"line":12,"column":25},"end":{"line":12,"column":27}},"7":{"start":{"line":13,"column":21},"end":{"line":13,"column":22}},"8":{"start":{"line":15,"column":4},"end":{"line":45,"column":5}},"9":{"start":{"line":16,"column":29},"end":{"line":42,"column":8}},"10":{"start":{"line":43,"column":6},"end":{"line":43,"column":43}},"11":{"start":{"line":44,"column":6},"end":{"line":44,"column":26}},"12":{"start":{"line":47,"column":4},"end":{"line":71,"column":5}},"13":{"start":{"line":48,"column":29},"end":{"line":68,"column":8}},"14":{"start":{"line":69,"column":6},"end":{"line":69,"column":48}},"15":{"start":{"line":70,"column":6},"end":{"line":70,"column":26}},"16":{"start":{"line":73,"column":4},"end":{"line":102,"column":5}},"17":{"start":{"line":74,"column":29},"end":{"line":99,"column":8}},"18":{"start":{"line":100,"column":6},"end":{"line":100,"column":42}},"19":{"start":{"line":101,"column":6},"end":{"line":101,"column":26}},"20":{"start":{"line":104,"column":4},"end":{"line":130,"column":5}},"21":{"start":{"line":105,"column":29},"end":{"line":127,"column":8}},"22":{"start":{"line":128,"column":6},"end":{"line":128,"column":38}},"23":{"start":{"line":129,"column":6},"end":{"line":129,"column":26}},"24":{"start":{"line":132,"column":4},"end":{"line":158,"column":5}},"25":{"start":{"line":133,"column":29},"end":{"line":155,"column":8}},"26":{"start":{"line":156,"column":6},"end":{"line":156,"column":39}},"27":{"start":{"line":157,"column":6},"end":{"line":157,"column":26}},"28":{"start":{"line":160,"column":4},"end":{"line":169,"column":6}},"29":{"start":{"line":173,"column":61},"end":{"line":173,"column":64}},"30":{"start":{"line":174,"column":17},"end":{"line":174,"column":38}},"31":{"start":{"line":176,"column":4},"end":{"line":187,"column":5}},"32":{"start":{"line":178,"column":8},"end":{"line":178,"column":57}},"33":{"start":{"line":180,"column":8},"end":{"line":180,"column":62}},"34":{"start":{"line":182,"column":8},"end":{"line":182,"column":56}},"35":{"start":{"line":184,"column":8},"end":{"line":184,"column":52}},"36":{"start":{"line":186,"column":8},"end":{"line":186,"column":57}},"37":{"start":{"line":191,"column":23},"end":{"line":191,"column":25}},"38":{"start":{"line":192,"column":4},"end":{"line":192,"column":54}},"39":{"start":{"line":192,"column":18},"end":{"line":192,"column":54}},"40":{"start":{"line":193,"column":4},"end":{"line":193,"column":48}},"41":{"start":{"line":193,"column":22},"end":{"line":193,"column":48}},"42":{"start":{"line":195,"column":27},"end":{"line":203,"column":6}},"43":{"start":{"line":205,"column":4},"end":{"line":205,"column":131}},"44":{"start":{"line":209,"column":23},"end":{"line":209,"column":25}},"45":{"start":{"line":210,"column":4},"end":{"line":210,"column":54}},"46":{"start":{"line":210,"column":18},"end":{"line":210,"column":54}},"47":{"start":{"line":211,"column":4},"end":{"line":211,"column":48}},"48":{"start":{"line":211,"column":22},"end":{"line":211,"column":48}},"49":{"start":{"line":213,"column":27},"end":{"line":221,"column":6}},"50":{"start":{"line":223,"column":4},"end":{"line":223,"column":129}},"51":{"start":{"line":227,"column":23},"end":{"line":227,"column":25}},"52":{"start":{"line":228,"column":4},"end":{"line":228,"column":54}},"53":{"start":{"line":228,"column":18},"end":{"line":228,"column":54}},"54":{"start":{"line":229,"column":4},"end":{"line":229,"column":52}},"55":{"start":{"line":229,"column":22},"end":{"line":229,"column":52}},"56":{"start":{"line":230,"column":4},"end":{"line":230,"column":55}},"57":{"start":{"line":230,"column":21},"end":{"line":230,"column":55}},"58":{"start":{"line":231,"column":4},"end":{"line":231,"column":46}},"59":{"start":{"line":231,"column":20},"end":{"line":231,"column":46}},"60":{"start":{"line":233,"column":27},"end":{"line":244,"column":6}},"61":{"start":{"line":246,"column":4},"end":{"line":246,"column":130}},"62":{"start":{"line":250,"column":23},"end":{"line":250,"column":25}},"63":{"start":{"line":251,"column":4},"end":{"line":251,"column":54}},"64":{"start":{"line":251,"column":18},"end":{"line":251,"column":54}},"65":{"start":{"line":252,"column":4},"end":{"line":252,"column":49}},"66":{"start":{"line":252,"column":21},"end":{"line":252,"column":49}},"67":{"start":{"line":254,"column":27},"end":{"line":262,"column":6}},"68":{"start":{"line":264,"column":4},"end":{"line":264,"column":126}},"69":{"start":{"line":277,"column":8},"end":{"line":295,"column":6}},"70":{"start":{"line":297,"column":4},"end":{"line":317,"column":6}},"71":{"start":{"line":305,"column":65},"end":{"line":308,"column":10}},"72":{"start":{"line":309,"column":61},"end":{"line":312,"column":10}},"73":{"start":{"line":313,"column":53},"end":{"line":316,"column":10}},"74":{"start":{"line":6,"column":13},"end":{"line":6,"column":26}},"75":{"start":{"line":6,"column":13},"end":{"line":319,"column":null}}},"fnMap":{"0":{"name":"(anonymous_2)","decl":{"start":{"line":7,"column":2},"end":{"line":7,"column":22}},"loc":{"start":{"line":7,"column":43},"end":{"line":7,"column":47}}},"1":{"name":"(anonymous_3)","decl":{"start":{"line":9,"column":2},"end":{"line":9,"column":7}},"loc":{"start":{"line":9,"column":41},"end":{"line":170,"column":3}}},"2":{"name":"(anonymous_4)","decl":{"start":{"line":172,"column":2},"end":{"line":172,"column":7}},"loc":{"start":{"line":172,"column":45},"end":{"line":188,"column":3}}},"3":{"name":"(anonymous_5)","decl":{"start":{"line":190,"column":10},"end":{"line":190,"column":15}},"loc":{"start":{"line":190,"column":86},"end":{"line":206,"column":3}}},"4":{"name":"(anonymous_6)","decl":{"start":{"line":208,"column":10},"end":{"line":208,"column":15}},"loc":{"start":{"line":208,"column":91},"end":{"line":224,"column":3}}},"5":{"name":"(anonymous_7)","decl":{"start":{"line":226,"column":10},"end":{"line":226,"column":15}},"loc":{"start":{"line":226,"column":85},"end":{"line":247,"column":3}}},"6":{"name":"(anonymous_8)","decl":{"start":{"line":249,"column":10},"end":{"line":249,"column":15}},"loc":{"start":{"line":249,"column":81},"end":{"line":265,"column":3}}},"7":{"name":"(anonymous_9)","decl":{"start":{"line":267,"column":2},"end":{"line":267,"column":7}},"loc":{"start":{"line":267,"column":23},"end":{"line":318,"column":3}}},"8":{"name":"(anonymous_10)","decl":{"start":{"line":305,"column":49},"end":{"line":305,"column":50}},"loc":{"start":{"line":305,"column":65},"end":{"line":308,"column":10}}},"9":{"name":"(anonymous_11)","decl":{"start":{"line":309,"column":45},"end":{"line":309,"column":46}},"loc":{"start":{"line":309,"column":61},"end":{"line":312,"column":10}}},"10":{"name":"(anonymous_12)","decl":{"start":{"line":313,"column":37},"end":{"line":313,"column":38}},"loc":{"start":{"line":313,"column":53},"end":{"line":316,"column":10}}}},"branchMap":{"0":{"loc":{"start":{"line":10,"column":19},"end":{"line":10,"column":78}},"type":"default-arg","locations":[{"start":{"line":10,"column":30},"end":{"line":10,"column":78}}]},"1":{"loc":{"start":{"line":10,"column":80},"end":{"line":10,"column":88}},"type":"default-arg","locations":[{"start":{"line":10,"column":87},"end":{"line":10,"column":88}}]},"2":{"loc":{"start":{"line":10,"column":90},"end":{"line":10,"column":103}},"type":"default-arg","locations":[{"start":{"line":10,"column":101},"end":{"line":10,"column":103}}]},"3":{"loc":{"start":{"line":15,"column":4},"end":{"line":45,"column":5}},"type":"if","locations":[{"start":{"line":15,"column":4},"end":{"line":45,"column":5}},{"start":{},"end":{}}]},"4":{"loc":{"start":{"line":47,"column":4},"end":{"line":71,"column":5}},"type":"if","locations":[{"start":{"line":47,"column":4},"end":{"line":71,"column":5}},{"start":{},"end":{}}]},"5":{"loc":{"start":{"line":73,"column":4},"end":{"line":102,"column":5}},"type":"if","locations":[{"start":{"line":73,"column":4},"end":{"line":102,"column":5}},{"start":{},"end":{}}]},"6":{"loc":{"start":{"line":104,"column":4},"end":{"line":130,"column":5}},"type":"if","locations":[{"start":{"line":104,"column":4},"end":{"line":130,"column":5}},{"start":{},"end":{}}]},"7":{"loc":{"start":{"line":132,"column":4},"end":{"line":158,"column":5}},"type":"if","locations":[{"start":{"line":132,"column":4},"end":{"line":158,"column":5}},{"start":{},"end":{}}]},"8":{"loc":{"start":{"line":173,"column":12},"end":{"line":173,"column":31}},"type":"default-arg","locations":[{"start":{"line":173,"column":21},"end":{"line":173,"column":31}}]},"9":{"loc":{"start":{"line":173,"column":33},"end":{"line":173,"column":41}},"type":"default-arg","locations":[{"start":{"line":173,"column":40},"end":{"line":173,"column":41}}]},"10":{"loc":{"start":{"line":173,"column":43},"end":{"line":173,"column":56}},"type":"default-arg","locations":[{"start":{"line":173,"column":54},"end":{"line":173,"column":56}}]},"11":{"loc":{"start":{"line":176,"column":4},"end":{"line":187,"column":5}},"type":"switch","locations":[{"start":{"line":177,"column":6},"end":{"line":178,"column":57}},{"start":{"line":179,"column":6},"end":{"line":180,"column":62}},{"start":{"line":181,"column":6},"end":{"line":182,"column":56}},{"start":{"line":183,"column":6},"end":{"line":184,"column":52}},{"start":{"line":185,"column":6},"end":{"line":186,"column":57}}]},"12":{"loc":{"start":{"line":192,"column":4},"end":{"line":192,"column":54}},"type":"if","locations":[{"start":{"line":192,"column":4},"end":{"line":192,"column":54}},{"start":{},"end":{}}]},"13":{"loc":{"start":{"line":193,"column":4},"end":{"line":193,"column":48}},"type":"if","locations":[{"start":{"line":193,"column":4},"end":{"line":193,"column":48}},{"start":{},"end":{}}]},"14":{"loc":{"start":{"line":210,"column":4},"end":{"line":210,"column":54}},"type":"if","locations":[{"start":{"line":210,"column":4},"end":{"line":210,"column":54}},{"start":{},"end":{}}]},"15":{"loc":{"start":{"line":211,"column":4},"end":{"line":211,"column":48}},"type":"if","locations":[{"start":{"line":211,"column":4},"end":{"line":211,"column":48}},{"start":{},"end":{}}]},"16":{"loc":{"start":{"line":228,"column":4},"end":{"line":228,"column":54}},"type":"if","locations":[{"start":{"line":228,"column":4},"end":{"line":228,"column":54}},{"start":{},"end":{}}]},"17":{"loc":{"start":{"line":229,"column":4},"end":{"line":229,"column":52}},"type":"if","locations":[{"start":{"line":229,"column":4},"end":{"line":229,"column":52}},{"start":{},"end":{}}]},"18":{"loc":{"start":{"line":230,"column":4},"end":{"line":230,"column":55}},"type":"if","locations":[{"start":{"line":230,"column":4},"end":{"line":230,"column":55}},{"start":{},"end":{}}]},"19":{"loc":{"start":{"line":231,"column":4},"end":{"line":231,"column":46}},"type":"if","locations":[{"start":{"line":231,"column":4},"end":{"line":231,"column":46}},{"start":{},"end":{}}]},"20":{"loc":{"start":{"line":251,"column":4},"end":{"line":251,"column":54}},"type":"if","locations":[{"start":{"line":251,"column":4},"end":{"line":251,"column":54}},{"start":{},"end":{}}]},"21":{"loc":{"start":{"line":252,"column":4},"end":{"line":252,"column":49}},"type":"if","locations":[{"start":{"line":252,"column":4},"end":{"line":252,"column":49}},{"start":{},"end":{}}]},"22":{"loc":{"start":{"line":310,"column":19},"end":{"line":310,"column":46}},"type":"binary-expr","locations":[{"start":{"line":310,"column":19},"end":{"line":310,"column":37}},{"start":{"line":310,"column":41},"end":{"line":310,"column":46}}]},"23":{"loc":{"start":{"line":7,"column":30},"end":{"line":7,"column":46}},"type":"cond-expr","locations":[{"start":{"line":7,"column":43},"end":{"line":7,"column":46}},{"start":{"line":7,"column":43},"end":{"line":7,"column":46}}]},"24":{"loc":{"start":{"line":7,"column":30},"end":{"line":7,"column":43}},"type":"binary-expr","locations":[{"start":{"line":7,"column":30},"end":{"line":7,"column":46}},{"start":{"line":7,"column":30},"end":{"line":7,"column":43}}]}},"s":{"0":0,"1":0,"2":0,"3":0,"4":0,"5":0,"6":0,"7":0,"8":0,"9":0,"10":0,"11":0,"12":0,"13":0,"14":0,"15":0,"16":0,"17":0,"18":0,"19":0,"20":0,"21":0,"22":0,"23":0,"24":0,"25":0,"26":0,"27":0,"28":0,"29":0,"30":0,"31":0,"32":0,"33":0,"34":0,"35":0,"36":0,"37":0,"38":0,"39":0,"40":0,"41":0,"42":0,"43":0,"44":0,"45":0,"46":0,"47":0,"48":0,"49":0,"50":0,"51":0,"52":0,"53":0,"54":0,"55":0,"56":0,"57":0,"58":0,"59":0,"60":0,"61":0,"62":0,"63":0,"64":0,"65":0,"66":0,"67":0,"68":0,"69":0,"70":0,"71":0,"72":0,"73":0,"74":0,"75":0},"f":{"0":0,"1":0,"2":0,"3":0,"4":0,"5":0,"6":0,"7":0,"8":0,"9":0,"10":0},"b":{"0":[0],"1":[0],"2":[0],"3":[0,0],"4":[0,0],"5":[0,0],"6":[0,0],"7":[0,0],"8":[0],"9":[0],"10":[0],"11":[0,0,0,0,0],"12":[0,0],"13":[0,0],"14":[0,0],"15":[0,0],"16":[0,0],"17":[0,0],"18":[0,0],"19":[0,0],"20":[0,0],"21":[0,0],"22":[0,0],"23":[0,0],"24":[0,0]}}
,"/Users/yongli/Documents/git/jiajia/src/modules/search/dto/search.dto.ts": {"path":"/Users/yongli/Documents/git/jiajia/src/modules/search/dto/search.dto.ts","statementMap":{"0":{"start":{"line":1,"column":0},"end":{"line":1,"column":71}},"1":{"start":{"line":2,"column":0},"end":{"line":2,"column":41}},"2":{"start":{"line":3,"column":0},"end":{"line":3,"column":67}},"3":{"start":{"line":5,"column":0},"end":{"line":5,"column":13}},"4":{"start":{"line":7,"column":2},"end":{"line":7,"column":null}},"5":{"start":{"line":12,"column":2},"end":{"line":12,"column":23}},"6":{"start":{"line":15,"column":0},"end":{"line":15,"column":13}},"7":{"start":{"line":18,"column":2},"end":{"line":18,"column":null}},"8":{"start":{"line":22,"column":2},"end":{"line":22,"column":null}},"9":{"start":{"line":26,"column":2},"end":{"line":26,"column":null}},"10":{"start":{"line":30,"column":2},"end":{"line":30,"column":null}},"11":{"start":{"line":35,"column":2},"end":{"line":35,"column":null}},"12":{"start":{"line":34,"column":14},"end":{"line":34,"column":20}},"13":{"start":{"line":40,"column":2},"end":{"line":40,"column":null}},"14":{"start":{"line":39,"column":14},"end":{"line":39,"column":20}},"15":{"start":{"line":44,"column":2},"end":{"line":44,"column":null}},"16":{"start":{"line":48,"column":2},"end":{"line":48,"column":null}},"17":{"start":{"line":52,"column":2},"end":{"line":52,"column":null}}},"fnMap":{"0":{"name":"(anonymous_2)","decl":{"start":{"line":34,"column":8},"end":{"line":34,"column":11}},"loc":{"start":{"line":34,"column":14},"end":{"line":34,"column":20}}},"1":{"name":"(anonymous_3)","decl":{"start":{"line":39,"column":8},"end":{"line":39,"column":11}},"loc":{"start":{"line":39,"column":14},"end":{"line":39,"column":20}}}},"branchMap":{},"s":{"0":0,"1":0,"2":0,"3":0,"4":0,"5":0,"6":0,"7":0,"8":0,"9":0,"10":0,"11":0,"12":0,"13":0,"14":0,"15":0,"16":0,"17":0},"f":{"0":0,"1":0},"b":{}}
,"/Users/yongli/Documents/git/jiajia/src/prisma/prisma.module.ts": {"path":"/Users/yongli/Documents/git/jiajia/src/prisma/prisma.module.ts","statementMap":{"0":{"start":{"line":1,"column":0},"end":{"line":1,"column":40}},"1":{"start":{"line":2,"column":0},"end":{"line":2,"column":49}},"2":{"start":{"line":8,"column":7},"end":{"line":8,"column":null}},"3":{"start":{"line":8,"column":13},"end":{"line":8,"column":25}},"4":{"start":{"line":8,"column":13},"end":{"line":8,"column":null}}},"fnMap":{},"branchMap":{},"s":{"0":0,"1":0,"2":0,"3":0,"4":0},"f":{},"b":{}}
,"/Users/yongli/Documents/git/jiajia/src/prisma/prisma.service.ts": {"path":"/Users/yongli/Documents/git/jiajia/src/prisma/prisma.service.ts","statementMap":{"0":{"start":{"line":1,"column":0},"end":{"line":1,"column":75}},"1":{"start":{"line":2,"column":0},"end":{"line":2,"column":46}},"2":{"start":{"line":5,"column":7},"end":{"line":24,"column":null}},"3":{"start":{"line":7,"column":4},"end":{"line":14,"column":7}},"4":{"start":{"line":18,"column":4},"end":{"line":18,"column":26}},"5":{"start":{"line":22,"column":4},"end":{"line":22,"column":29}},"6":{"start":{"line":5,"column":13},"end":{"line":5,"column":26}},"7":{"start":{"line":5,"column":13},"end":{"line":24,"column":null}}},"fnMap":{"0":{"name":"(anonymous_2)","decl":{"start":{"line":6,"column":2},"end":{"line":6,"column":null}},"loc":{"start":{"line":6,"column":2},"end":{"line":15,"column":3}}},"1":{"name":"(anonymous_3)","decl":{"start":{"line":17,"column":2},"end":{"line":17,"column":7}},"loc":{"start":{"line":17,"column":20},"end":{"line":19,"column":3}}},"2":{"name":"(anonymous_4)","decl":{"start":{"line":21,"column":2},"end":{"line":21,"column":7}},"loc":{"start":{"line":21,"column":23},"end":{"line":23,"column":3}}}},"branchMap":{"0":{"loc":{"start":{"line":13,"column":11},"end":{"line":13,"column":98}},"type":"cond-expr","locations":[{"start":{"line":13,"column":52},"end":{"line":13,"column":86}},{"start":{"line":13,"column":89},"end":{"line":13,"column":98}}]}},"s":{"0":0,"1":0,"2":0,"3":0,"4":0,"5":0,"6":0,"7":0},"f":{"0":0,"1":0,"2":0},"b":{"0":[0,0]}}
}
